Log file open, 06/29/22 11:13:20
LogWindows: Failed to load 'aqProf.dll' (GetLastError=126)
LogWindows: File 'aqProf.dll' does not exist
LogWindows: Failed to load 'VtuneApi.dll' (GetLastError=126)
LogWindows: File 'VtuneApi.dll' does not exist
LogWindows: Failed to load 'VtuneApi32e.dll' (GetLastError=126)
LogWindows: File 'VtuneApi32e.dll' does not exist
LogConsoleResponse: Display: Failed to find resolution value strings in scalability ini. Falling back to default.
LogConsoleResponse: Display: Failed to find resolution value strings in scalability ini. Falling back to default.
LogInit: Display: Running engine for game: MyProject2
LogPlatformFile: Not using cached read wrapper
LogTaskGraph: Started task graph with 5 named threads and 14 total threads with 3 sets of task threads.
LogStats: Stats thread started at 0.377472
LogICUInternationalization: ICU TimeZone Detection - Raw Offset: +3:00, Platform Override: ''
LogInit: Display: Loading text-based GConfig....
LogPluginManager: Mounting plugin MeshPainting
LogPluginManager: Mounting plugin XGEController
LogPluginManager: Mounting plugin Paper2D
LogPluginManager: Mounting plugin AISupport
LogPluginManager: Mounting plugin EnvironmentQueryEditor
LogPluginManager: Mounting plugin LiveLink
LogPluginManager: Mounting plugin LightPropagationVolume
LogPluginManager: Mounting plugin CameraShakePreviewer
LogPluginManager: Mounting plugin GameplayCameras
LogPluginManager: Mounting plugin OodleData
LogPluginManager: Mounting plugin OodleNetwork
LogPluginManager: Mounting plugin AnimationSharing
LogPluginManager: Mounting plugin CLionSourceCodeAccess
LogPluginManager: Mounting plugin CodeLiteSourceCodeAccess
LogPluginManager: Mounting plugin GitSourceControl
LogPluginManager: Mounting plugin KDevelopSourceCodeAccess
LogPluginManager: Mounting plugin NullSourceCodeAccess
LogPluginManager: Mounting plugin PerforceSourceControl
LogPluginManager: Mounting plugin PixWinPlugin
LogPluginManager: Mounting plugin PlasticSourceControl
LogPluginManager: Mounting plugin PluginUtils
LogPluginManager: Mounting plugin PropertyAccessNode
LogPluginManager: Mounting plugin RiderSourceCodeAccess
LogPluginManager: Mounting plugin SubversionSourceControl
LogPluginManager: Mounting plugin TextureFormatOodle
LogPluginManager: Mounting plugin UObjectPlugin
LogPluginManager: Mounting plugin VisualStudioCodeSourceCodeAccess
LogPluginManager: Mounting plugin XCodeSourceCodeAccess
LogPluginManager: Mounting plugin AssetManagerEditor
LogPluginManager: Mounting plugin VisualStudioSourceCodeAccess
LogPluginManager: Mounting plugin CurveEditorTools
LogPluginManager: Mounting plugin DataValidation
LogPluginManager: Mounting plugin FacialAnimation
LogPluginManager: Mounting plugin GameplayTagsEditor
LogPluginManager: Mounting plugin GeometryMode
LogPluginManager: Mounting plugin MacGraphicsSwitching
LogPluginManager: Mounting plugin MaterialAnalyzer
LogPluginManager: Mounting plugin MobileLauncherProfileWizard
LogPluginManager: Mounting plugin PluginBrowser
LogPluginManager: Mounting plugin SpeedTreeImporter
LogPluginManager: Mounting plugin DatasmithContent
LogPluginManager: Mounting plugin VariantManagerContent
LogPluginManager: Mounting plugin Niagara
LogPluginManager: Mounting plugin AlembicImporter
LogPluginManager: Mounting plugin AutomationUtils
LogPluginManager: Mounting plugin BackChannel
LogPluginManager: Mounting plugin ChaosCloth
LogPluginManager: Mounting plugin ChaosClothEditor
LogPluginManager: Mounting plugin ChaosEditor
LogPluginManager: Mounting plugin ChaosSolverPlugin
LogPluginManager: Mounting plugin ChaosNiagara
LogPluginManager: Mounting plugin CharacterAI
LogPluginManager: Mounting plugin GeometryCache
LogPluginManager: Mounting plugin GeometryCollectionPlugin
LogPluginManager: Mounting plugin GeometryProcessing
LogPluginManager: Mounting plugin CryptoKeys
LogPluginManager: Mounting plugin MotoSynth
LogPluginManager: Mounting plugin OpenImageDenoise
LogPluginManager: Mounting plugin PlanarCut
LogPluginManager: Mounting plugin PlatformCrypto
LogPluginManager: Mounting plugin ProxyLODPlugin
LogPluginManager: Mounting plugin PythonScriptPlugin
LogPluginManager: Mounting plugin SkeletalReduction
LogPluginManager: Mounting plugin LuminPlatformFeatures
LogPluginManager: Mounting plugin MagicLeap
LogPluginManager: Mounting plugin MagicLeapLightEstimation
LogPluginManager: Mounting plugin MagicLeapMedia
LogPluginManager: Mounting plugin MagicLeapPassableWorld
LogPluginManager: Mounting plugin MLSDK
LogPluginManager: Mounting plugin AndroidMedia
LogPluginManager: Mounting plugin AvfMedia
LogPluginManager: Mounting plugin ImgMedia
LogPluginManager: Mounting plugin MediaCompositing
LogPluginManager: Mounting plugin MediaPlayerEditor
LogPluginManager: Mounting plugin WebMMedia
LogPluginManager: Mounting plugin WmfMedia
LogPluginManager: Mounting plugin TcpMessaging
LogPluginManager: Mounting plugin UdpMessaging
LogPluginManager: Mounting plugin ActorSequence
LogPluginManager: Mounting plugin LevelSequenceEditor
LogPluginManager: Mounting plugin MatineeToLevelSequence
LogPluginManager: Mounting plugin TemplateSequence
LogPluginManager: Mounting plugin OnlineSubsystem
LogPluginManager: Mounting plugin OnlineSubsystemNull
LogPluginManager: Mounting plugin OnlineSubsystemUtils
LogPluginManager: Mounting plugin LauncherChunkInstaller
LogPluginManager: Mounting plugin ActorLayerUtilities
LogPluginManager: Mounting plugin AndroidDeviceProfileSelector
LogPluginManager: Mounting plugin AndroidMoviePlayer
LogPluginManager: Mounting plugin AndroidPermission
LogPluginManager: Mounting plugin AppleImageUtils
LogPluginManager: Mounting plugin AppleMoviePlayer
LogPluginManager: Mounting plugin ArchVisCharacter
LogPluginManager: Mounting plugin AssetTags
LogPluginManager: Mounting plugin AudioCapture
LogPluginManager: Mounting plugin AudioSynesthesia
LogPluginManager: Mounting plugin CableComponent
LogPluginManager: Mounting plugin ChunkDownloader
LogPluginManager: Mounting plugin CustomMeshComponent
LogPluginManager: Mounting plugin EditableMesh
LogPluginManager: Mounting plugin ExampleDeviceProfileSelector
LogPluginManager: Mounting plugin GoogleCloudMessaging
LogPluginManager: Mounting plugin GooglePAD
LogPluginManager: Mounting plugin IOSDeviceProfileSelector
LogPluginManager: Mounting plugin LinuxDeviceProfileSelector
LogPluginManager: Mounting plugin LocationServicesBPLibrary
LogPluginManager: Mounting plugin MobilePatchingUtils
LogPluginManager: Mounting plugin OpenXR
LogPluginManager: Mounting plugin OpenXREyeTracker
LogPluginManager: Mounting plugin OpenXRHandTracking
LogPluginManager: Mounting plugin PhysXVehicles
LogPluginManager: Mounting plugin PostSplashScreen
LogPluginManager: Mounting plugin ProceduralMeshComponent
LogPluginManager: Mounting plugin PropertyAccessEditor
LogPluginManager: Mounting plugin RuntimePhysXCooking
LogPluginManager: Mounting plugin SignificanceManager
LogPluginManager: Mounting plugin SoundFields
LogPluginManager: Mounting plugin Synthesis
LogPluginManager: Mounting plugin WebMMoviePlayer
LogPluginManager: Mounting plugin WindowsMoviePlayer
LogPluginManager: Mounting plugin Takes
LogPluginManager: Mounting plugin ScreenshotTools
LogPluginManager: Mounting plugin ContentBrowserAssetDataSource
LogPluginManager: Mounting plugin ContentBrowserClassDataSource
LogPluginManager: Mounting plugin ContentBrowserFileDataSource
LogPluginManager: Mounting plugin OnlineSubsystemGooglePlay
LogPluginManager: Mounting plugin OnlineSubsystemIOS
LogPluginManager: Mounting plugin OculusVR
LogPluginManager: Mounting plugin SteamVR
PixWinPlugin: PIX capture plugin failed to initialize! Check that the process is launched from PIX.
LogInit: Using libcurl 7.55.1-DEV
LogInit:  - built for x86_64-pc-win32
LogInit:  - supports SSL with OpenSSL/1.1.1
LogInit:  - supports HTTP deflate (compression) using libz 1.2.8
LogInit:  - other features:
LogInit:      CURL_VERSION_SSL
LogInit:      CURL_VERSION_LIBZ
LogInit:      CURL_VERSION_IPV6
LogInit:      CURL_VERSION_ASYNCHDNS
LogInit:      CURL_VERSION_LARGEFILE
LogInit:      CURL_VERSION_IDN
LogInit:  CurlRequestOptions (configurable via config and command line):
LogInit:  - bVerifyPeer = true  - Libcurl will verify peer certificate
LogInit:  - bUseHttpProxy = false  - Libcurl will NOT use HTTP proxy
LogInit:  - bDontReuseConnections = false  - Libcurl will reuse connections
LogInit:  - MaxHostConnections = 16  - Libcurl will limit the number of connections to a host
LogInit:  - LocalHostAddr = Default
LogInit:  - BufferSize = 65536
LogOnline: OSS: Creating online subsystem instance for: NULL
LogInit: WinSock: version 1.1 (2.2), MaxSocks=32767, MaxUdp=65467
LogOnline: OSS: TryLoadSubsystemAndSetDefault: Loaded subsystem for module [NULL]
LogOculusPluginWrapper: OculusPlugin initialized successfully
LogHMD: Failed initializing OVRPlugin 1.59.0
LogInit: Build: ++UE4+Release-4.27-CL-18319896
LogInit: Engine Version: 4.27.2-18319896+++UE4+Release-4.27
LogInit: Compatible Engine Version: 4.27.0-17155196+++UE4+Release-4.27
LogInit: Net CL: 17155196
LogInit: OS: Windows 10 (Release 2009) (), CPU: Intel(R) Core(TM) i5-7400 CPU @ 3.00GHz, GPU: NVIDIA GeForce RTX 2060
LogInit: Compiled (64-bit): Nov 30 2021 07:12:08
LogInit: Compiled with Visual C++: 19.24.28315.00
LogInit: Build Configuration: Development
LogInit: Branch Name: ++UE4+Release-4.27
LogInit: Command Line: 
LogInit: Base Directory: C:/Program Files/Epic Games/UE_4.27/Engine/Binaries/Win64/
LogInit: Allocator: TBB
LogInit: Installed Engine Build: 1
LogDevObjectVersion: Number of dev versions registered: 29
LogDevObjectVersion:   Dev-Blueprints (B0D832E4-1F89-4F0D-ACCF-7EB736FD4AA2): 10
LogDevObjectVersion:   Dev-Build (E1C64328-A22C-4D53-A36C-8E866417BD8C): 0
LogDevObjectVersion:   Dev-Core (375EC13C-06E4-48FB-B500-84F0262A717E): 4
LogDevObjectVersion:   Dev-Editor (E4B068ED-F494-42E9-A231-DA0B2E46BB41): 40
LogDevObjectVersion:   Dev-Framework (CFFC743F-43B0-4480-9391-14DF171D2073): 37
LogDevObjectVersion:   Dev-Mobile (B02B49B5-BB20-44E9-A304-32B752E40360): 3
LogDevObjectVersion:   Dev-Networking (A4E4105C-59A1-49B5-A7C5-40C4547EDFEE): 0
LogDevObjectVersion:   Dev-Online (39C831C9-5AE6-47DC-9A44-9C173E1C8E7C): 0
LogDevObjectVersion:   Dev-Physics (78F01B33-EBEA-4F98-B9B4-84EACCB95AA2): 14
LogDevObjectVersion:   Dev-Platform (6631380F-2D4D-43E0-8009-CF276956A95A): 0
LogDevObjectVersion:   Dev-Rendering (12F88B9F-8875-4AFC-A67C-D90C383ABD29): 45
LogDevObjectVersion:   Dev-Sequencer (7B5AE74C-D270-4C10-A958-57980B212A5A): 13
LogDevObjectVersion:   Dev-VR (D7296918-1DD6-4BDD-9DE2-64A83CC13884): 3
LogDevObjectVersion:   Dev-LoadTimes (C2A15278-BFE7-4AFE-6C17-90FF531DF755): 1
LogDevObjectVersion:   Private-Geometry (6EACA3D4-40EC-4CC1-B786-8BED09428FC5): 3
LogDevObjectVersion:   Dev-AnimPhys (29E575DD-E0A3-4627-9D10-D276232CDCEA): 17
LogDevObjectVersion:   Dev-Anim (AF43A65D-7FD3-4947-9873-3E8ED9C1BB05): 15
LogDevObjectVersion:   Dev-ReflectionCapture (6B266CEC-1EC7-4B8F-A30B-E4D90942FC07): 1
LogDevObjectVersion:   Dev-Automation (0DF73D61-A23F-47EA-B727-89E90C41499A): 1
LogDevObjectVersion:   FortniteMain (601D1886-AC64-4F84-AA16-D3DE0DEAC7D6): 47
LogDevObjectVersion:   FortniteRelease (E7086368-6B23-4C58-8439-1B7016265E91): 1
LogDevObjectVersion:   Dev-Enterprise (9DFFBCD6-494F-0158-E221-12823C92A888): 10
LogDevObjectVersion:   Dev-Niagara (F2AED0AC-9AFE-416F-8664-AA7FFA26D6FC): 1
LogDevObjectVersion:   Dev-Destruction (174F1F0B-B4C6-45A5-B13F-2EE8D0FB917D): 10
LogDevObjectVersion:   Dev-Physics-Ext (35F94A83-E258-406C-A318-09F59610247C): 41
LogDevObjectVersion:   Dev-PhysicsMaterial-Chaos (B68FC16E-8B1B-42E2-B453-215C058844FE): 1
LogDevObjectVersion:   Dev-CineCamera (B2E18506-4273-CFC2-A54E-F4BB758BBA07): 1
LogDevObjectVersion:   Dev-VirtualProduction (64F58936-FD1B-42BA-BA96-7289D5D0FA4E): 1
LogDevObjectVersion:   Dev-MediaFramework (6F0ED827-A609-4895-9C91-998D90180EA4): 2
LogInit: Presizing for max 25165824 objects, including 0 objects not considered by GC, pre-allocating 0 bytes for permanent pool.
LogConfig: Applying CVar settings from Section [/Script/Engine.StreamingSettings] File [C:/Users/eholo/Documents/Projects/project/MyProject2/Saved/Config/Windows/Engine.ini]
LogConfig: Setting CVar [[s.MinBulkDataSizeForAsyncLoading:131072]]
LogConfig: Setting CVar [[s.AsyncLoadingThreadEnabled:0]]
LogConfig: Setting CVar [[s.EventDrivenLoaderEnabled:1]]
LogConfig: Setting CVar [[s.WarnIfTimeLimitExceeded:0]]
LogConfig: Setting CVar [[s.TimeLimitExceededMultiplier:1.5]]
LogConfig: Setting CVar [[s.TimeLimitExceededMinTime:0.005]]
LogConfig: Setting CVar [[s.UseBackgroundLevelStreaming:1]]
LogConfig: Setting CVar [[s.PriorityAsyncLoadingExtraTime:15.0]]
LogConfig: Setting CVar [[s.LevelStreamingActorsUpdateTimeLimit:5.0]]
LogConfig: Setting CVar [[s.PriorityLevelStreamingActorsUpdateExtraTime:5.0]]
LogConfig: Setting CVar [[s.LevelStreamingComponentsRegistrationGranularity:10]]
LogConfig: Setting CVar [[s.UnregisterComponentsTimeLimit:1.0]]
LogConfig: Setting CVar [[s.LevelStreamingComponentsUnregistrationGranularity:5]]
LogConfig: Setting CVar [[s.FlushStreamingOnExit:1]]
LogInit: Object subsystem initialized
LogConfig: Setting CVar [[con.DebugEarlyDefault:1]]
LogConfig: Setting CVar [[r.setres:1280x720]]
[2022.06.29-08.13.21:231][  0]LogConfig: Setting CVar [[r.VSync:0]]
[2022.06.29-08.13.21:231][  0]LogConfig: Setting CVar [[r.RHICmdBypass:0]]
[2022.06.29-08.13.21:231][  0]LogConfig: Applying CVar settings from Section [/Script/Engine.RendererSettings] File [C:/Users/eholo/Documents/Projects/project/MyProject2/Saved/Config/Windows/Engine.ini]
[2022.06.29-08.13.21:231][  0]LogConfig: Setting CVar [[r.GPUCrashDebugging:0]]
[2022.06.29-08.13.21:231][  0]LogConfig: Applying CVar settings from Section [/Script/Engine.RendererOverrideSettings] File [C:/Users/eholo/Documents/Projects/project/MyProject2/Saved/Config/Windows/Engine.ini]
[2022.06.29-08.13.21:231][  0]LogConfig: Applying CVar settings from Section [/Script/Engine.StreamingSettings] File [C:/Users/eholo/Documents/Projects/project/MyProject2/Saved/Config/Windows/Engine.ini]
[2022.06.29-08.13.21:231][  0]LogConfig: Setting CVar [[s.MinBulkDataSizeForAsyncLoading:131072]]
[2022.06.29-08.13.21:231][  0]LogConfig: Setting CVar [[s.AsyncLoadingThreadEnabled:0]]
[2022.06.29-08.13.21:231][  0]LogConfig: Setting CVar [[s.EventDrivenLoaderEnabled:1]]
[2022.06.29-08.13.21:231][  0]LogConfig: Setting CVar [[s.WarnIfTimeLimitExceeded:0]]
[2022.06.29-08.13.21:231][  0]LogConfig: Setting CVar [[s.TimeLimitExceededMultiplier:1.5]]
[2022.06.29-08.13.21:231][  0]LogConfig: Setting CVar [[s.TimeLimitExceededMinTime:0.005]]
[2022.06.29-08.13.21:231][  0]LogConfig: Setting CVar [[s.UseBackgroundLevelStreaming:1]]
[2022.06.29-08.13.21:231][  0]LogConfig: Setting CVar [[s.PriorityAsyncLoadingExtraTime:15.0]]
[2022.06.29-08.13.21:231][  0]LogConfig: Setting CVar [[s.LevelStreamingActorsUpdateTimeLimit:5.0]]
[2022.06.29-08.13.21:231][  0]LogConfig: Setting CVar [[s.PriorityLevelStreamingActorsUpdateExtraTime:5.0]]
[2022.06.29-08.13.21:231][  0]LogConfig: Setting CVar [[s.LevelStreamingComponentsRegistrationGranularity:10]]
[2022.06.29-08.13.21:231][  0]LogConfig: Setting CVar [[s.UnregisterComponentsTimeLimit:1.0]]
[2022.06.29-08.13.21:231][  0]LogConfig: Setting CVar [[s.LevelStreamingComponentsUnregistrationGranularity:5]]
[2022.06.29-08.13.21:231][  0]LogConfig: Setting CVar [[s.FlushStreamingOnExit:1]]
[2022.06.29-08.13.21:231][  0]LogConfig: Applying CVar settings from Section [/Script/Engine.GarbageCollectionSettings] File [C:/Users/eholo/Documents/Projects/project/MyProject2/Saved/Config/Windows/Engine.ini]
[2022.06.29-08.13.21:231][  0]LogConfig: Setting CVar [[gc.MaxObjectsNotConsideredByGC:1]]
[2022.06.29-08.13.21:231][  0]LogConfig: Setting CVar [[gc.SizeOfPermanentObjectPool:0]]
[2022.06.29-08.13.21:231][  0]LogConfig: Setting CVar [[gc.FlushStreamingOnGC:0]]
[2022.06.29-08.13.21:231][  0]LogConfig: Setting CVar [[gc.NumRetriesBeforeForcingGC:10]]
[2022.06.29-08.13.21:231][  0]LogConfig: Setting CVar [[gc.AllowParallelGC:1]]
[2022.06.29-08.13.21:231][  0]LogConfig: Setting CVar [[gc.TimeBetweenPurgingPendingKillObjects:61.1]]
[2022.06.29-08.13.21:231][  0]LogConfig: Setting CVar [[gc.MaxObjectsInEditor:25165824]]
[2022.06.29-08.13.21:231][  0]LogConfig: Setting CVar [[gc.IncrementalBeginDestroyEnabled:1]]
[2022.06.29-08.13.21:231][  0]LogConfig: Setting CVar [[gc.CreateGCClusters:1]]
[2022.06.29-08.13.21:231][  0]LogConfig: Setting CVar [[gc.MinGCClusterSize:5]]
[2022.06.29-08.13.21:231][  0]LogConfig: Setting CVar [[gc.ActorClusteringEnabled:0]]
[2022.06.29-08.13.21:231][  0]LogConfig: Setting CVar [[gc.BlueprintClusteringEnabled:0]]
[2022.06.29-08.13.21:231][  0]LogConfig: Setting CVar [[gc.UseDisregardForGCOnDedicatedServers:0]]
[2022.06.29-08.13.21:231][  0]LogConfig: Setting CVar [[gc.MultithreadedDestructionEnabled:1]]
[2022.06.29-08.13.21:231][  0]LogConfig: Applying CVar settings from Section [/Script/Engine.NetworkSettings] File [C:/Users/eholo/Documents/Projects/project/MyProject2/Saved/Config/Windows/Engine.ini]
[2022.06.29-08.13.21:232][  0]LogConfig: Applying CVar settings from Section [/Script/UnrealEd.CookerSettings] File [C:/Users/eholo/Documents/Projects/project/MyProject2/Saved/Config/Windows/Engine.ini]
[2022.06.29-08.13.21:239][  0]LogConfig: Applying CVar settings from Section [ViewDistanceQuality@3] File [C:/Users/eholo/Documents/Projects/project/MyProject2/Saved/Config/Windows/Scalability.ini]
[2022.06.29-08.13.21:239][  0]LogConfig: Setting CVar [[r.SkeletalMeshLODBias:0]]
[2022.06.29-08.13.21:239][  0]LogConfig: Setting CVar [[r.ViewDistanceScale:1.0]]
[2022.06.29-08.13.21:239][  0]LogConfig: Applying CVar settings from Section [AntiAliasingQuality@3] File [C:/Users/eholo/Documents/Projects/project/MyProject2/Saved/Config/Windows/Scalability.ini]
[2022.06.29-08.13.21:239][  0]LogConfig: Setting CVar [[r.PostProcessAAQuality:4]]
[2022.06.29-08.13.21:239][  0]LogConfig: Applying CVar settings from Section [ShadowQuality@3] File [C:/Users/eholo/Documents/Projects/project/MyProject2/Saved/Config/Windows/Scalability.ini]
[2022.06.29-08.13.21:239][  0]LogConfig: Setting CVar [[r.LightFunctionQuality:1]]
[2022.06.29-08.13.21:239][  0]LogConfig: Setting CVar [[r.ShadowQuality:5]]
[2022.06.29-08.13.21:239][  0]LogConfig: Setting CVar [[r.Shadow.CSM.MaxCascades:10]]
[2022.06.29-08.13.21:239][  0]LogConfig: Setting CVar [[r.Shadow.MaxResolution:2048]]
[2022.06.29-08.13.21:239][  0]LogConfig: Setting CVar [[r.Shadow.MaxCSMResolution:2048]]
[2022.06.29-08.13.21:239][  0]LogConfig: Setting CVar [[r.Shadow.RadiusThreshold:0.01]]
[2022.06.29-08.13.21:239][  0]LogConfig: Setting CVar [[r.Shadow.DistanceScale:1.0]]
[2022.06.29-08.13.21:239][  0]LogConfig: Setting CVar [[r.Shadow.CSM.TransitionScale:1.0]]
[2022.06.29-08.13.21:239][  0]LogConfig: Setting CVar [[r.Shadow.PreShadowResolutionFactor:1.0]]
[2022.06.29-08.13.21:239][  0]LogConfig: Setting CVar [[r.DistanceFieldShadowing:1]]
[2022.06.29-08.13.21:239][  0]LogConfig: Setting CVar [[r.DistanceFieldAO:1]]
[2022.06.29-08.13.21:239][  0]LogConfig: Setting CVar [[r.AOQuality:2]]
[2022.06.29-08.13.21:239][  0]LogConfig: Setting CVar [[r.VolumetricFog:1]]
[2022.06.29-08.13.21:239][  0]LogConfig: Setting CVar [[r.VolumetricFog.GridPixelSize:8]]
[2022.06.29-08.13.21:239][  0]LogConfig: Setting CVar [[r.VolumetricFog.GridSizeZ:128]]
[2022.06.29-08.13.21:239][  0]LogConfig: Setting CVar [[r.VolumetricFog.HistoryMissSupersampleCount:4]]
[2022.06.29-08.13.21:239][  0]LogConfig: Setting CVar [[r.LightMaxDrawDistanceScale:1]]
[2022.06.29-08.13.21:239][  0]LogConfig: Setting CVar [[r.CapsuleShadows:1]]
[2022.06.29-08.13.21:239][  0]LogConfig: Applying CVar settings from Section [PostProcessQuality@3] File [C:/Users/eholo/Documents/Projects/project/MyProject2/Saved/Config/Windows/Scalability.ini]
[2022.06.29-08.13.21:239][  0]LogConfig: Setting CVar [[r.MotionBlurQuality:4]]
[2022.06.29-08.13.21:239][  0]LogConfig: Setting CVar [[r.AmbientOcclusionMipLevelFactor:0.4]]
[2022.06.29-08.13.21:239][  0]LogConfig: Setting CVar [[r.AmbientOcclusionMaxQuality:100]]
[2022.06.29-08.13.21:239][  0]LogConfig: Setting CVar [[r.AmbientOcclusionLevels:-1]]
[2022.06.29-08.13.21:239][  0]LogConfig: Setting CVar [[r.AmbientOcclusionRadiusScale:1.0]]
[2022.06.29-08.13.21:239][  0]LogConfig: Setting CVar [[r.DepthOfFieldQuality:2]]
[2022.06.29-08.13.21:239][  0]LogConfig: Setting CVar [[r.RenderTargetPoolMin:400]]
[2022.06.29-08.13.21:239][  0]LogConfig: Setting CVar [[r.LensFlareQuality:2]]
[2022.06.29-08.13.21:239][  0]LogConfig: Setting CVar [[r.SceneColorFringeQuality:1]]
[2022.06.29-08.13.21:239][  0]LogConfig: Setting CVar [[r.EyeAdaptationQuality:2]]
[2022.06.29-08.13.21:239][  0]LogConfig: Setting CVar [[r.BloomQuality:5]]
[2022.06.29-08.13.21:239][  0]LogConfig: Setting CVar [[r.FastBlurThreshold:100]]
[2022.06.29-08.13.21:239][  0]LogConfig: Setting CVar [[r.Upscale.Quality:3]]
[2022.06.29-08.13.21:239][  0]LogConfig: Setting CVar [[r.Tonemapper.GrainQuantization:1]]
[2022.06.29-08.13.21:239][  0]LogConfig: Setting CVar [[r.LightShaftQuality:1]]
[2022.06.29-08.13.21:239][  0]LogConfig: Setting CVar [[r.Filter.SizeScale:1]]
[2022.06.29-08.13.21:239][  0]LogConfig: Setting CVar [[r.Tonemapper.Quality:5]]
[2022.06.29-08.13.21:239][  0]LogConfig: Setting CVar [[r.DOF.Gather.AccumulatorQuality:1        ; higher gathering accumulator quality]]
[2022.06.29-08.13.21:239][  0]LogConfig: Setting CVar [[r.DOF.Gather.PostfilterMethod:1          ; Median3x3 postfilering method]]
[2022.06.29-08.13.21:239][  0]LogConfig: Setting CVar [[r.DOF.Gather.EnableBokehSettings:0       ; no bokeh simulation when gathering]]
[2022.06.29-08.13.21:239][  0]LogConfig: Setting CVar [[r.DOF.Gather.RingCount:4                 ; medium number of samples when gathering]]
[2022.06.29-08.13.21:239][  0]LogConfig: Setting CVar [[r.DOF.Scatter.ForegroundCompositing:1    ; additive foreground scattering]]
[2022.06.29-08.13.21:239][  0]LogConfig: Setting CVar [[r.DOF.Scatter.BackgroundCompositing:2    ; additive background scattering]]
[2022.06.29-08.13.21:239][  0]LogConfig: Setting CVar [[r.DOF.Scatter.EnableBokehSettings:1      ; bokeh simulation when scattering]]
[2022.06.29-08.13.21:239][  0]LogConfig: Setting CVar [[r.DOF.Scatter.MaxSpriteRatio:0.1         ; only a maximum of 10% of scattered bokeh]]
[2022.06.29-08.13.21:239][  0]LogConfig: Setting CVar [[r.DOF.Recombine.Quality:1                ; cheap slight out of focus]]
[2022.06.29-08.13.21:240][  0]LogConfig: Setting CVar [[r.DOF.Recombine.EnableBokehSettings:0    ; no bokeh simulation on slight out of focus]]
[2022.06.29-08.13.21:240][  0]LogConfig: Setting CVar [[r.DOF.TemporalAAQuality:1                ; more stable temporal accumulation]]
[2022.06.29-08.13.21:240][  0]LogConfig: Setting CVar [[r.DOF.Kernel.MaxForegroundRadius:0.025]]
[2022.06.29-08.13.21:240][  0]LogConfig: Setting CVar [[r.DOF.Kernel.MaxBackgroundRadius:0.025]]
[2022.06.29-08.13.21:240][  0]LogConfig: Applying CVar settings from Section [TextureQuality@3] File [C:/Users/eholo/Documents/Projects/project/MyProject2/Saved/Config/Windows/Scalability.ini]
[2022.06.29-08.13.21:240][  0]LogConfig: Setting CVar [[r.Streaming.MipBias:0]]
[2022.06.29-08.13.21:240][  0]LogConfig: Setting CVar [[r.Streaming.AmortizeCPUToGPUCopy:0]]
[2022.06.29-08.13.21:240][  0]LogConfig: Setting CVar [[r.Streaming.MaxNumTexturesToStreamPerFrame:0]]
[2022.06.29-08.13.21:240][  0]LogConfig: Setting CVar [[r.Streaming.Boost:1]]
[2022.06.29-08.13.21:240][  0]LogConfig: Setting CVar [[r.MaxAnisotropy:8]]
[2022.06.29-08.13.21:240][  0]LogConfig: Setting CVar [[r.VT.MaxAnisotropy:8]]
[2022.06.29-08.13.21:240][  0]LogConfig: Setting CVar [[r.Streaming.LimitPoolSizeToVRAM:0]]
[2022.06.29-08.13.21:240][  0]LogConfig: Setting CVar [[r.Streaming.PoolSize:1000]]
[2022.06.29-08.13.21:240][  0]LogConfig: Setting CVar [[r.Streaming.MaxEffectiveScreenSize:0]]
[2022.06.29-08.13.21:240][  0]LogConfig: Applying CVar settings from Section [EffectsQuality@3] File [C:/Users/eholo/Documents/Projects/project/MyProject2/Saved/Config/Windows/Scalability.ini]
[2022.06.29-08.13.21:240][  0]LogConfig: Setting CVar [[r.TranslucencyLightingVolumeDim:64]]
[2022.06.29-08.13.21:240][  0]LogConfig: Setting CVar [[r.RefractionQuality:2]]
[2022.06.29-08.13.21:240][  0]LogConfig: Setting CVar [[r.SSR.Quality:3]]
[2022.06.29-08.13.21:240][  0]LogConfig: Setting CVar [[r.SSR.HalfResSceneColor:0]]
[2022.06.29-08.13.21:240][  0]LogConfig: Setting CVar [[r.SceneColorFormat:4]]
[2022.06.29-08.13.21:240][  0]LogConfig: Setting CVar [[r.DetailMode:2]]
[2022.06.29-08.13.21:240][  0]LogConfig: Setting CVar [[r.TranslucencyVolumeBlur:1]]
[2022.06.29-08.13.21:240][  0]LogConfig: Setting CVar [[r.MaterialQualityLevel:1 ; High quality]]
[2022.06.29-08.13.21:240][  0]LogConfig: Setting CVar [[r.AnisotropicMaterials:1]]
[2022.06.29-08.13.21:240][  0]LogConfig: Setting CVar [[r.SSS.Scale:1]]
[2022.06.29-08.13.21:240][  0]LogConfig: Setting CVar [[r.SSS.SampleSet:2]]
[2022.06.29-08.13.21:240][  0]LogConfig: Setting CVar [[r.SSS.Quality:1]]
[2022.06.29-08.13.21:240][  0]LogConfig: Setting CVar [[r.SSS.HalfRes:0]]
[2022.06.29-08.13.21:240][  0]LogConfig: Setting CVar [[r.SSGI.Quality:3]]
[2022.06.29-08.13.21:240][  0]LogConfig: Setting CVar [[r.EmitterSpawnRateScale:1.0]]
[2022.06.29-08.13.21:240][  0]LogConfig: Setting CVar [[r.ParticleLightQuality:2]]
[2022.06.29-08.13.21:240][  0]LogConfig: Setting CVar [[r.SkyAtmosphere.AerialPerspectiveLUT.FastApplyOnOpaque:1 ; Always have FastSkyLUT 1 in this case to avoid wrong sky]]
[2022.06.29-08.13.21:240][  0]LogConfig: Setting CVar [[r.SkyAtmosphere.AerialPerspectiveLUT.SampleCountMaxPerSlice:4]]
[2022.06.29-08.13.21:240][  0]LogConfig: Setting CVar [[r.SkyAtmosphere.AerialPerspectiveLUT.DepthResolution:16.0]]
[2022.06.29-08.13.21:240][  0]LogConfig: Setting CVar [[r.SkyAtmosphere.FastSkyLUT:1]]
[2022.06.29-08.13.21:240][  0]LogConfig: Setting CVar [[r.SkyAtmosphere.FastSkyLUT.SampleCountMin:4.0]]
[2022.06.29-08.13.21:240][  0]LogConfig: Setting CVar [[r.SkyAtmosphere.FastSkyLUT.SampleCountMax:128.0]]
[2022.06.29-08.13.21:240][  0]LogConfig: Setting CVar [[r.SkyAtmosphere.SampleCountMin:4.0]]
[2022.06.29-08.13.21:240][  0]LogConfig: Setting CVar [[r.SkyAtmosphere.SampleCountMax:128.0]]
[2022.06.29-08.13.21:240][  0]LogConfig: Setting CVar [[r.SkyAtmosphere.TransmittanceLUT.UseSmallFormat:0]]
[2022.06.29-08.13.21:240][  0]LogConfig: Setting CVar [[r.SkyAtmosphere.TransmittanceLUT.SampleCount:10.0]]
[2022.06.29-08.13.21:240][  0]LogConfig: Setting CVar [[r.SkyAtmosphere.MultiScatteringLUT.SampleCount:15.0]]
[2022.06.29-08.13.21:240][  0]LogConfig: Setting CVar [[r.SkyLight.RealTimeReflectionCapture:1]]
[2022.06.29-08.13.21:240][  0]LogConfig: Applying CVar settings from Section [FoliageQuality@3] File [C:/Users/eholo/Documents/Projects/project/MyProject2/Saved/Config/Windows/Scalability.ini]
[2022.06.29-08.13.21:240][  0]LogConfig: Setting CVar [[foliage.DensityScale:1.0]]
[2022.06.29-08.13.21:240][  0]LogConfig: Setting CVar [[grass.DensityScale:1.0]]
[2022.06.29-08.13.21:240][  0]LogConfig: Applying CVar settings from Section [ShadingQuality@3] File [C:/Users/eholo/Documents/Projects/project/MyProject2/Saved/Config/Windows/Scalability.ini]
[2022.06.29-08.13.21:240][  0]LogConfig: Setting CVar [[r.HairStrands.SkyLighting.IntegrationType:2]]
[2022.06.29-08.13.21:240][  0]LogConfig: Setting CVar [[r.HairStrands.SkyAO.SampleCount:4]]
[2022.06.29-08.13.21:240][  0]LogConfig: Setting CVar [[r.HairStrands.Visibility.MSAA.SamplePerPixel:4]]
[2022.06.29-08.13.21:240][  0]LogInit: Selected Device Profile: [Windows]
[2022.06.29-08.13.21:240][  0]LogInit: Applying CVar settings loaded from the selected device profile: [Windows]
[2022.06.29-08.13.21:240][  0]LogHAL: Display: Platform has ~ 16 GB [17117073408 / 17179869184 / 16], which maps to Larger [LargestMinGB=32, LargerMinGB=12, DefaultMinGB=8, SmallerMinGB=6, SmallestMinGB=0)
[2022.06.29-08.13.21:240][  0]LogInit: Going up to parent DeviceProfile []
[2022.06.29-08.13.21:241][  0]LogConfig: Applying CVar settings from Section [ViewDistanceQuality@3] File [C:/Users/eholo/Documents/Projects/project/MyProject2/Saved/Config/Windows/Scalability.ini]
[2022.06.29-08.13.21:241][  0]LogConfig: Setting CVar [[r.SkeletalMeshLODBias:0]]
[2022.06.29-08.13.21:241][  0]LogConfig: Setting CVar [[r.ViewDistanceScale:1.0]]
[2022.06.29-08.13.21:241][  0]LogConfig: Applying CVar settings from Section [AntiAliasingQuality@3] File [C:/Users/eholo/Documents/Projects/project/MyProject2/Saved/Config/Windows/Scalability.ini]
[2022.06.29-08.13.21:241][  0]LogConfig: Setting CVar [[r.PostProcessAAQuality:4]]
[2022.06.29-08.13.21:241][  0]LogConfig: Applying CVar settings from Section [ShadowQuality@3] File [C:/Users/eholo/Documents/Projects/project/MyProject2/Saved/Config/Windows/Scalability.ini]
[2022.06.29-08.13.21:241][  0]LogConfig: Setting CVar [[r.LightFunctionQuality:1]]
[2022.06.29-08.13.21:241][  0]LogConfig: Setting CVar [[r.ShadowQuality:5]]
[2022.06.29-08.13.21:241][  0]LogConfig: Setting CVar [[r.Shadow.CSM.MaxCascades:10]]
[2022.06.29-08.13.21:241][  0]LogConfig: Setting CVar [[r.Shadow.MaxResolution:2048]]
[2022.06.29-08.13.21:241][  0]LogConfig: Setting CVar [[r.Shadow.MaxCSMResolution:2048]]
[2022.06.29-08.13.21:241][  0]LogConfig: Setting CVar [[r.Shadow.RadiusThreshold:0.01]]
[2022.06.29-08.13.21:241][  0]LogConfig: Setting CVar [[r.Shadow.DistanceScale:1.0]]
[2022.06.29-08.13.21:241][  0]LogConfig: Setting CVar [[r.Shadow.CSM.TransitionScale:1.0]]
[2022.06.29-08.13.21:241][  0]LogConfig: Setting CVar [[r.Shadow.PreShadowResolutionFactor:1.0]]
[2022.06.29-08.13.21:241][  0]LogConfig: Setting CVar [[r.DistanceFieldShadowing:1]]
[2022.06.29-08.13.21:241][  0]LogConfig: Setting CVar [[r.DistanceFieldAO:1]]
[2022.06.29-08.13.21:241][  0]LogConfig: Setting CVar [[r.AOQuality:2]]
[2022.06.29-08.13.21:241][  0]LogConfig: Setting CVar [[r.VolumetricFog:1]]
[2022.06.29-08.13.21:241][  0]LogConfig: Setting CVar [[r.VolumetricFog.GridPixelSize:8]]
[2022.06.29-08.13.21:241][  0]LogConfig: Setting CVar [[r.VolumetricFog.GridSizeZ:128]]
[2022.06.29-08.13.21:241][  0]LogConfig: Setting CVar [[r.VolumetricFog.HistoryMissSupersampleCount:4]]
[2022.06.29-08.13.21:241][  0]LogConfig: Setting CVar [[r.LightMaxDrawDistanceScale:1]]
[2022.06.29-08.13.21:241][  0]LogConfig: Setting CVar [[r.CapsuleShadows:1]]
[2022.06.29-08.13.21:241][  0]LogConfig: Applying CVar settings from Section [PostProcessQuality@3] File [C:/Users/eholo/Documents/Projects/project/MyProject2/Saved/Config/Windows/Scalability.ini]
[2022.06.29-08.13.21:241][  0]LogConfig: Setting CVar [[r.MotionBlurQuality:4]]
[2022.06.29-08.13.21:241][  0]LogConfig: Setting CVar [[r.AmbientOcclusionMipLevelFactor:0.4]]
[2022.06.29-08.13.21:241][  0]LogConfig: Setting CVar [[r.AmbientOcclusionMaxQuality:100]]
[2022.06.29-08.13.21:241][  0]LogConfig: Setting CVar [[r.AmbientOcclusionLevels:-1]]
[2022.06.29-08.13.21:241][  0]LogConfig: Setting CVar [[r.AmbientOcclusionRadiusScale:1.0]]
[2022.06.29-08.13.21:241][  0]LogConfig: Setting CVar [[r.DepthOfFieldQuality:2]]
[2022.06.29-08.13.21:241][  0]LogConfig: Setting CVar [[r.RenderTargetPoolMin:400]]
[2022.06.29-08.13.21:241][  0]LogConfig: Setting CVar [[r.LensFlareQuality:2]]
[2022.06.29-08.13.21:241][  0]LogConfig: Setting CVar [[r.SceneColorFringeQuality:1]]
[2022.06.29-08.13.21:241][  0]LogConfig: Setting CVar [[r.EyeAdaptationQuality:2]]
[2022.06.29-08.13.21:241][  0]LogConfig: Setting CVar [[r.BloomQuality:5]]
[2022.06.29-08.13.21:241][  0]LogConfig: Setting CVar [[r.FastBlurThreshold:100]]
[2022.06.29-08.13.21:241][  0]LogConfig: Setting CVar [[r.Upscale.Quality:3]]
[2022.06.29-08.13.21:241][  0]LogConfig: Setting CVar [[r.Tonemapper.GrainQuantization:1]]
[2022.06.29-08.13.21:241][  0]LogConfig: Setting CVar [[r.LightShaftQuality:1]]
[2022.06.29-08.13.21:241][  0]LogConfig: Setting CVar [[r.Filter.SizeScale:1]]
[2022.06.29-08.13.21:241][  0]LogConfig: Setting CVar [[r.Tonemapper.Quality:5]]
[2022.06.29-08.13.21:241][  0]LogConfig: Setting CVar [[r.DOF.Gather.AccumulatorQuality:1        ; higher gathering accumulator quality]]
[2022.06.29-08.13.21:241][  0]LogConfig: Setting CVar [[r.DOF.Gather.PostfilterMethod:1          ; Median3x3 postfilering method]]
[2022.06.29-08.13.21:241][  0]LogConfig: Setting CVar [[r.DOF.Gather.EnableBokehSettings:0       ; no bokeh simulation when gathering]]
[2022.06.29-08.13.21:241][  0]LogConfig: Setting CVar [[r.DOF.Gather.RingCount:4                 ; medium number of samples when gathering]]
[2022.06.29-08.13.21:241][  0]LogConfig: Setting CVar [[r.DOF.Scatter.ForegroundCompositing:1    ; additive foreground scattering]]
[2022.06.29-08.13.21:241][  0]LogConfig: Setting CVar [[r.DOF.Scatter.BackgroundCompositing:2    ; additive background scattering]]
[2022.06.29-08.13.21:241][  0]LogConfig: Setting CVar [[r.DOF.Scatter.EnableBokehSettings:1      ; bokeh simulation when scattering]]
[2022.06.29-08.13.21:241][  0]LogConfig: Setting CVar [[r.DOF.Scatter.MaxSpriteRatio:0.1         ; only a maximum of 10% of scattered bokeh]]
[2022.06.29-08.13.21:241][  0]LogConfig: Setting CVar [[r.DOF.Recombine.Quality:1                ; cheap slight out of focus]]
[2022.06.29-08.13.21:241][  0]LogConfig: Setting CVar [[r.DOF.Recombine.EnableBokehSettings:0    ; no bokeh simulation on slight out of focus]]
[2022.06.29-08.13.21:241][  0]LogConfig: Setting CVar [[r.DOF.TemporalAAQuality:1                ; more stable temporal accumulation]]
[2022.06.29-08.13.21:241][  0]LogConfig: Setting CVar [[r.DOF.Kernel.MaxForegroundRadius:0.025]]
[2022.06.29-08.13.21:241][  0]LogConfig: Setting CVar [[r.DOF.Kernel.MaxBackgroundRadius:0.025]]
[2022.06.29-08.13.21:241][  0]LogConfig: Applying CVar settings from Section [TextureQuality@3] File [C:/Users/eholo/Documents/Projects/project/MyProject2/Saved/Config/Windows/Scalability.ini]
[2022.06.29-08.13.21:241][  0]LogConfig: Setting CVar [[r.Streaming.MipBias:0]]
[2022.06.29-08.13.21:241][  0]LogConfig: Setting CVar [[r.Streaming.AmortizeCPUToGPUCopy:0]]
[2022.06.29-08.13.21:241][  0]LogConfig: Setting CVar [[r.Streaming.MaxNumTexturesToStreamPerFrame:0]]
[2022.06.29-08.13.21:242][  0]LogConfig: Setting CVar [[r.Streaming.Boost:1]]
[2022.06.29-08.13.21:242][  0]LogConfig: Setting CVar [[r.MaxAnisotropy:8]]
[2022.06.29-08.13.21:242][  0]LogConfig: Setting CVar [[r.VT.MaxAnisotropy:8]]
[2022.06.29-08.13.21:242][  0]LogConfig: Setting CVar [[r.Streaming.LimitPoolSizeToVRAM:0]]
[2022.06.29-08.13.21:242][  0]LogConfig: Setting CVar [[r.Streaming.PoolSize:1000]]
[2022.06.29-08.13.21:242][  0]LogConfig: Setting CVar [[r.Streaming.MaxEffectiveScreenSize:0]]
[2022.06.29-08.13.21:242][  0]LogConfig: Applying CVar settings from Section [EffectsQuality@3] File [C:/Users/eholo/Documents/Projects/project/MyProject2/Saved/Config/Windows/Scalability.ini]
[2022.06.29-08.13.21:242][  0]LogConfig: Setting CVar [[r.TranslucencyLightingVolumeDim:64]]
[2022.06.29-08.13.21:242][  0]LogConfig: Setting CVar [[r.RefractionQuality:2]]
[2022.06.29-08.13.21:242][  0]LogConfig: Setting CVar [[r.SSR.Quality:3]]
[2022.06.29-08.13.21:242][  0]LogConfig: Setting CVar [[r.SSR.HalfResSceneColor:0]]
[2022.06.29-08.13.21:242][  0]LogConfig: Setting CVar [[r.SceneColorFormat:4]]
[2022.06.29-08.13.21:242][  0]LogConfig: Setting CVar [[r.DetailMode:2]]
[2022.06.29-08.13.21:242][  0]LogConfig: Setting CVar [[r.TranslucencyVolumeBlur:1]]
[2022.06.29-08.13.21:242][  0]LogConfig: Setting CVar [[r.MaterialQualityLevel:1 ; High quality]]
[2022.06.29-08.13.21:242][  0]LogConfig: Setting CVar [[r.AnisotropicMaterials:1]]
[2022.06.29-08.13.21:242][  0]LogConfig: Setting CVar [[r.SSS.Scale:1]]
[2022.06.29-08.13.21:242][  0]LogConfig: Setting CVar [[r.SSS.SampleSet:2]]
[2022.06.29-08.13.21:242][  0]LogConfig: Setting CVar [[r.SSS.Quality:1]]
[2022.06.29-08.13.21:242][  0]LogConfig: Setting CVar [[r.SSS.HalfRes:0]]
[2022.06.29-08.13.21:242][  0]LogConfig: Setting CVar [[r.SSGI.Quality:3]]
[2022.06.29-08.13.21:242][  0]LogConfig: Setting CVar [[r.EmitterSpawnRateScale:1.0]]
[2022.06.29-08.13.21:242][  0]LogConfig: Setting CVar [[r.ParticleLightQuality:2]]
[2022.06.29-08.13.21:242][  0]LogConfig: Setting CVar [[r.SkyAtmosphere.AerialPerspectiveLUT.FastApplyOnOpaque:1 ; Always have FastSkyLUT 1 in this case to avoid wrong sky]]
[2022.06.29-08.13.21:242][  0]LogConfig: Setting CVar [[r.SkyAtmosphere.AerialPerspectiveLUT.SampleCountMaxPerSlice:4]]
[2022.06.29-08.13.21:242][  0]LogConfig: Setting CVar [[r.SkyAtmosphere.AerialPerspectiveLUT.DepthResolution:16.0]]
[2022.06.29-08.13.21:242][  0]LogConfig: Setting CVar [[r.SkyAtmosphere.FastSkyLUT:1]]
[2022.06.29-08.13.21:242][  0]LogConfig: Setting CVar [[r.SkyAtmosphere.FastSkyLUT.SampleCountMin:4.0]]
[2022.06.29-08.13.21:242][  0]LogConfig: Setting CVar [[r.SkyAtmosphere.FastSkyLUT.SampleCountMax:128.0]]
[2022.06.29-08.13.21:242][  0]LogConfig: Setting CVar [[r.SkyAtmosphere.SampleCountMin:4.0]]
[2022.06.29-08.13.21:242][  0]LogConfig: Setting CVar [[r.SkyAtmosphere.SampleCountMax:128.0]]
[2022.06.29-08.13.21:242][  0]LogConfig: Setting CVar [[r.SkyAtmosphere.TransmittanceLUT.UseSmallFormat:0]]
[2022.06.29-08.13.21:242][  0]LogConfig: Setting CVar [[r.SkyAtmosphere.TransmittanceLUT.SampleCount:10.0]]
[2022.06.29-08.13.21:242][  0]LogConfig: Setting CVar [[r.SkyAtmosphere.MultiScatteringLUT.SampleCount:15.0]]
[2022.06.29-08.13.21:242][  0]LogConfig: Setting CVar [[r.SkyLight.RealTimeReflectionCapture:1]]
[2022.06.29-08.13.21:242][  0]LogConfig: Applying CVar settings from Section [FoliageQuality@3] File [C:/Users/eholo/Documents/Projects/project/MyProject2/Saved/Config/Windows/Scalability.ini]
[2022.06.29-08.13.21:242][  0]LogConfig: Setting CVar [[foliage.DensityScale:1.0]]
[2022.06.29-08.13.21:242][  0]LogConfig: Setting CVar [[grass.DensityScale:1.0]]
[2022.06.29-08.13.21:242][  0]LogConfig: Applying CVar settings from Section [ShadingQuality@3] File [C:/Users/eholo/Documents/Projects/project/MyProject2/Saved/Config/Windows/Scalability.ini]
[2022.06.29-08.13.21:242][  0]LogConfig: Setting CVar [[r.HairStrands.SkyLighting.IntegrationType:2]]
[2022.06.29-08.13.21:242][  0]LogConfig: Setting CVar [[r.HairStrands.SkyAO.SampleCount:4]]
[2022.06.29-08.13.21:242][  0]LogConfig: Setting CVar [[r.HairStrands.Visibility.MSAA.SamplePerPixel:4]]
[2022.06.29-08.13.21:242][  0]LogConfig: Applying CVar settings from Section [Startup] File [../../../Engine/Config/ConsoleVariables.ini]
[2022.06.29-08.13.21:243][  0]LogConfig: Setting CVar [[net.UseAdaptiveNetUpdateFrequency:0]]
[2022.06.29-08.13.21:243][  0]LogConfig: Setting CVar [[p.chaos.AllowCreatePhysxBodies:1]]
[2022.06.29-08.13.21:243][  0]LogConfig: Setting CVar [[fx.SkipVectorVMBackendOptimizations:1]]
[2022.06.29-08.13.21:243][  0]LogConfig: Applying CVar settings from Section [ConsoleVariables] File [C:/Users/eholo/Documents/Projects/project/MyProject2/Saved/Config/Windows/Engine.ini]
[2022.06.29-08.13.21:243][  0]LogConfig: Applying CVar settings from Section [ConsoleVariables] File [C:/Users/eholo/Documents/Projects/project/MyProject2/Saved/Config/Windows/Editor.ini]
[2022.06.29-08.13.21:243][  0]LogInit: Computer: DESKTOP-NUDT0GS
[2022.06.29-08.13.21:243][  0]LogInit: User: eholo
[2022.06.29-08.13.21:243][  0]LogInit: CPU Page size=4096, Cores=4
[2022.06.29-08.13.21:243][  0]LogInit: High frequency timer resolution =10.000000 MHz
[2022.06.29-08.13.21:243][  0]LogMemory: Memory total: Physical=15.9GB (16GB approx)
[2022.06.29-08.13.21:243][  0]LogMemory: Platform Memory Stats for Windows
[2022.06.29-08.13.21:243][  0]LogMemory: Process Physical Memory: 145.42 MB used, 145.42 MB peak
[2022.06.29-08.13.21:243][  0]LogMemory: Process Virtual Memory: 127.23 MB used, 127.23 MB peak
[2022.06.29-08.13.21:243][  0]LogMemory: Physical Memory: 6076.65 MB used,  10247.46 MB free, 16324.11 MB total
[2022.06.29-08.13.21:243][  0]LogMemory: Virtual Memory: 134207816.00 MB used,  9914.58 MB free, 134217728.00 MB total
[2022.06.29-08.13.21:250][  0]LogWindows: WindowsPlatformFeatures enabled
[2022.06.29-08.13.21:315][  0]LogInit: Physics initialised using underlying interface: PhysX
[2022.06.29-08.13.21:319][  0]LogInit: Using OS detected language (ru-RU).
[2022.06.29-08.13.21:319][  0]LogInit: Using OS detected locale (ru-RU).
[2022.06.29-08.13.21:327][  0]LogTextLocalizationManager: No specific localization for 'ru-RU' exists, so the 'ru' localization will be used.
[2022.06.29-08.13.21:328][  0]LogTextLocalizationResource: LocRes '../../../Engine/Content/Localization/Editor/ru/Editor.locres' could not be opened for reading!
[2022.06.29-08.13.21:328][  0]LogTextLocalizationResource: LocRes '../../../Engine/Content/Localization/EditorTutorials/ru/EditorTutorials.locres' could not be opened for reading!
[2022.06.29-08.13.21:328][  0]LogTextLocalizationResource: LocRes '../../../Engine/Content/Localization/Keywords/ru/Keywords.locres' could not be opened for reading!
[2022.06.29-08.13.21:328][  0]LogTextLocalizationResource: LocRes '../../../Engine/Content/Localization/Category/ru/Category.locres' could not be opened for reading!
[2022.06.29-08.13.21:328][  0]LogTextLocalizationResource: LocRes '../../../Engine/Content/Localization/ToolTips/ru/ToolTips.locres' could not be opened for reading!
[2022.06.29-08.13.21:328][  0]LogTextLocalizationResource: LocRes '../../../Engine/Content/Localization/PropertyNames/ru/PropertyNames.locres' could not be opened for reading!
[2022.06.29-08.13.21:328][  0]LogTextLocalizationResource: LocRes '../../../Engine/Content/Localization/Engine/ru/Engine.locres' could not be opened for reading!
[2022.06.29-08.13.21:330][  0]LogInit: Setting process to per monitor DPI aware
[2022.06.29-08.13.21:342][  0]LogWindowsTextInputMethodSystem: Display: IME system deactivated.
[2022.06.29-08.13.21:358][  0]LogSlate: New Slate User Created.  User Index 0, Is Virtual User: 0
[2022.06.29-08.13.21:358][  0]LogSlate: Slate User Registered.  User Index 0, Is Virtual User: 0
[2022.06.29-08.13.21:519][  0]LogD3D11RHI: Loaded GFSDK_Aftermath_Lib.x64.dll
[2022.06.29-08.13.21:523][  0]LogHMD: Failed to initialize OpenVR with code 110
[2022.06.29-08.13.21:523][  0]LogD3D11RHI: D3D11 min allowed feature level: 11_0
[2022.06.29-08.13.21:523][  0]LogD3D11RHI: D3D11 max allowed feature level: 11_0
[2022.06.29-08.13.21:523][  0]LogD3D11RHI: D3D11 adapters:
[2022.06.29-08.13.21:655][  0]LogD3D11RHI:    0. 'NVIDIA GeForce RTX 2060' (Feature Level 11_0)
[2022.06.29-08.13.21:655][  0]LogD3D11RHI:       5980/0/8162 MB DedicatedVideo/DedicatedSystem/SharedSystem, Outputs:1, VendorId:0x10de
[2022.06.29-08.13.21:660][  0]LogD3D11RHI:    1. 'Microsoft Basic Render Driver' (Feature Level 11_0)
[2022.06.29-08.13.21:660][  0]LogD3D11RHI:       0/0/8162 MB DedicatedVideo/DedicatedSystem/SharedSystem, Outputs:0, VendorId:0x1414
[2022.06.29-08.13.21:660][  0]LogD3D11RHI: Chosen D3D11 Adapter:
[2022.06.29-08.13.21:660][  0]LogD3D11RHI:     Description : NVIDIA GeForce RTX 2060
[2022.06.29-08.13.21:660][  0]LogD3D11RHI:     VendorId    : 10de
[2022.06.29-08.13.21:660][  0]LogD3D11RHI:     DeviceId    : 1f08
[2022.06.29-08.13.21:660][  0]LogD3D11RHI:     SubSysId    : 86f01043
[2022.06.29-08.13.21:660][  0]LogD3D11RHI:     Revision    : 00a1
[2022.06.29-08.13.21:661][  0]LogD3D11RHI:     DedicatedVideoMemory : 6270484480 bytes
[2022.06.29-08.13.21:661][  0]LogD3D11RHI:     DedicatedSystemMemory : 0 bytes
[2022.06.29-08.13.21:661][  0]LogD3D11RHI:     SharedSystemMemory : 8558536704 bytes
[2022.06.29-08.13.21:661][  0]LogD3D11RHI:     AdapterLuid : 0 37425
[2022.06.29-08.13.21:665][  0]LogD3D11RHI: Creating new Direct3DDevice
[2022.06.29-08.13.21:665][  0]LogD3D11RHI:     GPU DeviceId: 0x1f08 (for the marketing name, search the web for "GPU Device Id")
[2022.06.29-08.13.21:665][  0]LogWindows: EnumDisplayDevices:
[2022.06.29-08.13.21:666][  0]LogWindows:    0. 'NVIDIA GeForce RTX 2060' (P:1 D:1)
[2022.06.29-08.13.21:666][  0]LogWindows:    1. 'NVIDIA GeForce RTX 2060' (P:0 D:0)
[2022.06.29-08.13.21:666][  0]LogWindows:    2. 'NVIDIA GeForce RTX 2060' (P:0 D:0)
[2022.06.29-08.13.21:666][  0]LogWindows:    3. 'NVIDIA GeForce RTX 2060' (P:0 D:0)
[2022.06.29-08.13.21:667][  0]LogWindows: DebugString: FoundDriverCount:4 
[2022.06.29-08.13.21:667][  0]LogD3D11RHI:     Adapter Name: NVIDIA GeForce RTX 2060
[2022.06.29-08.13.21:667][  0]LogD3D11RHI:   Driver Version: 512.15 (internal:30.0.15.1215, unified:512.15)
[2022.06.29-08.13.21:667][  0]LogD3D11RHI:      Driver Date: 3-17-2022
[2022.06.29-08.13.21:667][  0]LogRHI: Texture pool is 4186 MB (70% of 5980 MB)
[2022.06.29-08.13.21:667][  0]LogD3D11RHI: Creating D3DDevice using adapter:
[2022.06.29-08.13.21:667][  0]LogD3D11RHI:     Description : NVIDIA GeForce RTX 2060
[2022.06.29-08.13.21:667][  0]LogD3D11RHI:     VendorId    : 10de
[2022.06.29-08.13.21:667][  0]LogD3D11RHI:     DeviceId    : 1f08
[2022.06.29-08.13.21:667][  0]LogD3D11RHI:     SubSysId    : 86f01043
[2022.06.29-08.13.21:667][  0]LogD3D11RHI:     Revision    : 00a1
[2022.06.29-08.13.21:667][  0]LogD3D11RHI:     DedicatedVideoMemory : 6270484480 bytes
[2022.06.29-08.13.21:667][  0]LogD3D11RHI:     DedicatedSystemMemory : 0 bytes
[2022.06.29-08.13.21:667][  0]LogD3D11RHI:     SharedSystemMemory : 8558536704 bytes
[2022.06.29-08.13.21:667][  0]LogD3D11RHI:     AdapterLuid : 0 37425
[2022.06.29-08.13.21:752][  0]LogD3D11RHI: RHI has support for 64 bit atomics
[2022.06.29-08.13.21:753][  0]LogD3D11RHI: Async texture creation enabled
[2022.06.29-08.13.21:753][  0]LogD3D11RHI: Array index from any shader is supported
[2022.06.29-08.13.21:770][  0]LogD3D11RHI: GPU Timing Frequency: 1000.000000 (Debug: 2 1)
[2022.06.29-08.13.21:821][  0]LogRHI: GeForceNow SDK initialized: 1
[2022.06.29-08.13.22:244][  0]LogTargetPlatformManager: Display: Loaded TargetPlatform 'AllDesktop'
[2022.06.29-08.13.22:273][  0]LogTargetPlatformManager: Display: Loaded TargetPlatform 'Android'
[2022.06.29-08.13.22:273][  0]LogTargetPlatformManager: Display: Loaded TargetPlatform 'Android_ASTC'
[2022.06.29-08.13.22:273][  0]LogTargetPlatformManager: Display: Loaded TargetPlatform 'Android_DXT'
[2022.06.29-08.13.22:273][  0]LogTargetPlatformManager: Display: Loaded TargetPlatform 'Android_ETC2'
[2022.06.29-08.13.22:273][  0]LogTargetPlatformManager: Display: Loaded TargetPlatform 'AndroidClient'
[2022.06.29-08.13.22:273][  0]LogTargetPlatformManager: Display: Loaded TargetPlatform 'Android_ASTCClient'
[2022.06.29-08.13.22:273][  0]LogTargetPlatformManager: Display: Loaded TargetPlatform 'Android_DXTClient'
[2022.06.29-08.13.22:273][  0]LogTargetPlatformManager: Display: Loaded TargetPlatform 'Android_ETC2Client'
[2022.06.29-08.13.22:273][  0]LogTargetPlatformManager: Display: Loaded TargetPlatform 'Android_Multi'
[2022.06.29-08.13.22:273][  0]LogTargetPlatformManager: Display: Loaded TargetPlatform 'Android_MultiClient'
[2022.06.29-08.13.22:296][  0]LogTargetPlatformManager: Display: Loaded TargetPlatform 'IOSClient'
[2022.06.29-08.13.22:296][  0]LogTargetPlatformManager: Display: Loaded TargetPlatform 'IOS'
[2022.06.29-08.13.22:309][  0]LogTargetPlatformManager: Display: Loaded TargetPlatform 'Linux'
[2022.06.29-08.13.22:314][  0]LogTargetPlatformManager: Display: Loaded TargetPlatform 'LinuxNoEditor'
[2022.06.29-08.13.22:320][  0]LogTargetPlatformManager: Display: Loaded TargetPlatform 'LinuxClient'
[2022.06.29-08.13.22:325][  0]LogTargetPlatformManager: Display: Loaded TargetPlatform 'LinuxServer'
[2022.06.29-08.13.22:338][  0]LogTargetPlatformManager: Display: Loaded TargetPlatform 'LinuxAArch64NoEditor'
[2022.06.29-08.13.22:343][  0]LogTargetPlatformManager: Display: Loaded TargetPlatform 'LinuxAArch64Client'
[2022.06.29-08.13.22:348][  0]LogTargetPlatformManager: Display: Loaded TargetPlatform 'LinuxAArch64Server'
[2022.06.29-08.13.22:383][  0]LogTargetPlatformManager: Display: Loaded TargetPlatform 'Lumin'
[2022.06.29-08.13.22:383][  0]LogTargetPlatformManager: Display: Loaded TargetPlatform 'LuminClient'
[2022.06.29-08.13.22:394][  0]LogTargetPlatformManager: Display: Loaded TargetPlatform 'MacNoEditor'
[2022.06.29-08.13.22:401][  0]LogTargetPlatformManager: Display: Loaded TargetPlatform 'Mac'
[2022.06.29-08.13.22:406][  0]LogTargetPlatformManager: Display: Loaded TargetPlatform 'MacClient'
[2022.06.29-08.13.22:411][  0]LogTargetPlatformManager: Display: Loaded TargetPlatform 'MacServer'
[2022.06.29-08.13.22:425][  0]LogTargetPlatformManager: Display: Loaded TargetPlatform 'TVOSClient'
[2022.06.29-08.13.22:425][  0]LogTargetPlatformManager: Display: Loaded TargetPlatform 'TVOS'
[2022.06.29-08.13.22:439][  0]LogTargetPlatformManager: Display: Loaded TargetPlatform 'WindowsNoEditor'
[2022.06.29-08.13.22:445][  0]LogTargetPlatformManager: Display: Loaded TargetPlatform 'Windows'
[2022.06.29-08.13.22:451][  0]LogTargetPlatformManager: Display: Loaded TargetPlatform 'WindowsClient'
[2022.06.29-08.13.22:456][  0]LogTargetPlatformManager: Display: Loaded TargetPlatform 'WindowsServer'
[2022.06.29-08.13.22:456][  0]LogTargetPlatformManager: Display: Building Assets For Windows
[2022.06.29-08.13.22:464][  0]LogAudioDebug: Display: Lib vorbis DLL was dynamically loaded.
[2022.06.29-08.13.22:505][  0]LogTextureFormatOodle: Display: Oodle Texture 2.9.0 init RDO Off
[2022.06.29-08.13.22:554][  0]LogRendererCore: Ray tracing is disabled. Reason: r.RayTracing=0.
[2022.06.29-08.13.22:554][  0]LogShaderCompilers: Guid format shader working directory is -21 characters bigger than the processId version (../../../../../../Users/eholo/Documents/Projects/project/MyProject2/Intermediate/Shaders/WorkingDirectory/9128/).
[2022.06.29-08.13.22:554][  0]LogShaderCompilers: Cleaned the shader compiler working directory 'C:/Users/eholo/AppData/Local/Temp/UnrealShaderWorkingDir/54C028024AA18E7E00559BB34495D9EA/'.
[2022.06.29-08.13.22:555][  0]LogXGEController: Cannot use XGE Controller as Incredibuild is not installed on this machine.
[2022.06.29-08.13.22:555][  0]LogShaderCompilers: Cannot use XGE Shader Compiler as Incredibuild is not installed on this machine.
[2022.06.29-08.13.22:555][  0]LogShaderCompilers: Display: Using Local Shader Compiler.
[2022.06.29-08.13.23:506][  0]LogDerivedDataCache: Display: Max Cache Size: 512 MB
[2022.06.29-08.13.23:579][  0]LogDerivedDataCache: Loaded boot cache 0.07s 94MB C:/Users/eholo/AppData/Local/UnrealEngine/4.27/DerivedDataCache/Boot.ddc.
[2022.06.29-08.13.23:579][  0]LogDerivedDataCache: Display: Loaded Boot cache: C:/Users/eholo/AppData/Local/UnrealEngine/4.27/DerivedDataCache/Boot.ddc
[2022.06.29-08.13.23:579][  0]LogDerivedDataCache: FDerivedDataBackendGraph:  Pak pak cache file ../../../../../../Users/eholo/Documents/Projects/project/MyProject2/DerivedDataCache/DDC.ddp not found, will not use a pak cache.
[2022.06.29-08.13.23:579][  0]LogDerivedDataCache: Unable to find inner node Pak for hierarchical cache Hierarchy.
[2022.06.29-08.13.23:580][  0]LogDerivedDataCache: FDerivedDataBackendGraph:  CompressedPak pak cache file ../../../../../../Users/eholo/Documents/Projects/project/MyProject2/DerivedDataCache/Compressed.ddp not found, will not use a pak cache.
[2022.06.29-08.13.23:580][  0]LogDerivedDataCache: Unable to find inner node CompressedPak for hierarchical cache Hierarchy.
[2022.06.29-08.13.23:601][  0]LogDerivedDataCache: Display: Pak cache opened for reading ../../../Engine/DerivedDataCache/Compressed.ddp.
[2022.06.29-08.13.23:601][  0]LogDerivedDataCache: FDerivedDataBackendGraph:  EnterprisePak pak cache file ../../../Enterprise/DerivedDataCache/Compressed.ddp not found, will not use a pak cache.
[2022.06.29-08.13.23:601][  0]LogDerivedDataCache: Unable to find inner node EnterprisePak for hierarchical cache Hierarchy.
[2022.06.29-08.13.23:610][  0]LogDerivedDataCache: Speed tests for C:/Users/eholo/AppData/Local/UnrealEngine/Common/DerivedDataCache took 0.01 seconds
[2022.06.29-08.13.23:610][  0]LogDerivedDataCache: Display: Performance to C:/Users/eholo/AppData/Local/UnrealEngine/Common/DerivedDataCache: Latency=0.03ms. RandomReadSpeed=328.26MBs, RandomWriteSpeed=164.76MBs. Assigned SpeedClass 'Local'
[2022.06.29-08.13.23:611][  0]LogDerivedDataCache: Using Local data cache path C:/Users/eholo/AppData/Local/UnrealEngine/Common/DerivedDataCache: Writable
[2022.06.29-08.13.23:611][  0]LogDerivedDataCache: Shared data cache path not found in *engine.ini, will not use an Shared cache.
[2022.06.29-08.13.23:611][  0]LogDerivedDataCache: Unable to find inner node Shared for hierarchical cache Hierarchy.
[2022.06.29-08.13.23:671][  0]LogSlate: Using FreeType 2.10.0
[2022.06.29-08.13.23:671][  0]LogSlate: SlateFontServices - WITH_FREETYPE: 1, WITH_HARFBUZZ: 1
[2022.06.29-08.13.23:702][  0]LogAssetRegistry: FAssetRegistry took 0.0035 seconds to start up
[2022.06.29-08.13.23:990][  0]LogInit: Selected Device Profile: [Windows]
[2022.06.29-08.13.23:990][  0]LogInit: Active device profile: [0000023D069A8B00][0000023D0432F400 49] Windows
[2022.06.29-08.13.23:990][  0]LogInit: Profiles: [0000023D069A8B00][0000023D0432F400 49] Windows, [0000023D0695E100][0000023D04337580 49] WindowsNoEditor, [0000023D069A9900][0000023D0433B700 49] WindowsServer, [0000023D0695EE00][0000023D0433F880 49] WindowsClient, [0000023D069ABC00][0000023D04343A00 49] IOS, [0000023D0695CF00][0000023D04347B80 49] iPadAir, [0000023D069ABE00][0000023D0434A180 49] iPadAir2, [0000023D06918E00][0000023D04352440 49] IPadPro, [0000023D06918F00][0000023D0434E480 49] iPadAir3, [0000023D0695FB00][0000023D04356600 49] iPadAir4, [0000023D0691B800][0000023D0435A780 49] iPadMini2, [0000023D0695EF00][0000023D0435E900 49] iPadMini3, [0000023D0691BA00][0000023D04362A80 49] iPadMini4, [0000023D0695F800][0000023D04332BC0 49] iPadMini5, [0000023D06938600][0000023D0436AE00 49] iPhone6, [0000023D06938700][0000023D04366E40 49] iPodTouch6, [0000023D069AA800][0000023D043770C0 49] iPhone7, [0000023D069AA600][0000023D0436F100 49] iPodTouch7, [0000023D06938100][0000023D0437B280 49] iPhone5S, [0000023D06918700][0000023D065E3400 49] iPhone6Plus, [0000023D0693A500][0000023D065E7580 49] iPhone6S, [0000023D06919300][0000023D065EB700 49] iPhone6SPlus, [0000023D0693BB00][0000023D065EF880 49] iPhone7Plus, [0000023D0691B700][0000023D065F3A00 49] iPhoneSE, [0000023D069AAB00][0000023D065F7B80 49] iPhone8, [0000023D06918600][0000023D065FA180 49] iPhone8Plus, [0000023D069AA100][0000023D065FE300 49] iPhoneX, [0000023D0691A900][0000023D06602480 49] iPhoneXS, [0000023D069AB700][0000023D06606600 49] iPhoneXSMax, [0000023D0691AF00][0000023D0660A780 49] iPhoneXR, [0000023D069ABB00][0000023D0660E900 49] iPhone11, [0000023D06919E00][0000023D06612A80 49] iPhone11Pro, [0000023D069A8700][0000023D06616C00 49] iPhone11ProMax, [0000023D0691A000][0000023D04372D40 49] iPhoneSE2, [0000023D069ABA00][0000023D0661AE80 49] iPhone12Mini, [0000023D0691A100][0000023D0661EFC0 49] iPhone12, [0000023D069A8600][0000023D06623100 49] iPhone12Pro, [0000023D0691B400][0000023D0662B280 49] iPhone12ProMax, [0000023D069A8800][0000023D0662F400 49] iPadPro105, [0000023D06919900][0000023D06633580 49] iPadPro129, [0000023D069ABF00][0000023D06637700 49] iPadPro97, [0000023D0691BC00][0000023D0663B880 49] iPadPro2_129, [0000023D069AB900][0000023D0663FA00 49] iPad5, [0000023D06918300][0000023D06643B80 49] iPad6, [0000023D069A9B00][0000023D06646180 49] iPad7, [0000023D0691B600][0000023D0664A300 49] iPad8, [0000023D069A9600][0000023D0664E480 49] iPadPro11, [0000023D0691AD00][0000023D06652600 49] iPadPro2_11, [0000023D069A9A00][0000023D06656780 49] iPadPro3_129, [0000023D0691AE00][0000023D0665A900 49] iPadPro4_129, [0000023D069A8500][0000023D0665EA80 49] AppleTV, [0000023D0691B000][0000023D06662C00 49] AppleTV4K, [0000023D069A9C00][0000023D06666D80 49] TVOS, [0000023D06918800][0000023D0666AF00 49] Mac, [0000023D069AA500][0000023D06627040 49] MacClient, [0000023D0691AC00][0000023D0666F180 49] MacNoEditor, [0000023D069AB500][0000023D066732C0 49] MacServer, [0000023D06918A00][0000023D0667B440 49] Linux, [0000023D069A8400][0000023D0667F5C0 49] LinuxAArch64, [0000023D06919A00][0000023D06683740 49] LinuxNoEditor, [0000023D069A9D00][0000023D066878C0 49] LinuxAArch64NoEditor, [0000023D0691A700][0000023D0668BA40 49] LinuxClient, [0000023D069A9400][0000023D0668FBC0 49] LinuxAArch64Client, [0000023D0691A800][0000023D066921C0 49] LinuxServer, [0000023D069AAF00][0000023D06696340 49] LinuxAArch64Server, [0000023D06919700][0000023D0669A4C0 49] Android, [0000023D069ABD00][0000023D0669E640 49] Android_Low, [0000023D06918B00][0000023D066A27C0 49] Android_Mid, [0000023D069AA200][0000023D066A6940 49] Android_High, [0000023D06918C00][0000023D0671EAC0 49] Android_Default, [0000023D069A9300][0000023D06726C40 49] Android_Adreno4xx, [0000023D0695E300][0000023D0672ADC0 49] Android_Adreno5xx_Low, [0000023D06939C00][0000023D0672EF40 49] Android_Adreno5xx, [0000023D0695E600][0000023D067330C0 49] Android_Adreno6xx, [0000023D0693A000][0000023D06677200 49] Android_Adreno6xx_Vulkan, [0000023D0695C400][0000023D06737340 49] Android_Mali_T6xx, [0000023D06938F00][0000023D0673B480 49] Android_Mali_T7xx, [0000023D0695DC00][0000023D7792F5C0 49] Android_Mali_T8xx, [0000023D06939F00][0000023D77957740 49] Android_Mali_G71, [0000023D0695E800][0000023D067438C0 49] Android_Mali_G72, [0000023D0693B300][0000023D06747A40 49] Android_Mali_G72_Vulkan, [0000023D0695FE00][0000023D0674BBC0 49] Android_Mali_G76, [0000023D0693A200][0000023D0674E1C0 49] Android_Mali_G76_Vulkan, [0000023D0695DE00][0000023D06752340 49] Android_Mali_G77, [0000023D06938900][0000023D067564C0 49] Android_Mali_G77_Vulkan, [0000023D0695FF00][0000023D0675A640 49] Android_Mali_G78, [0000023D06939300][0000023D0675E7C0 49] Android_Mali_G78_Vulkan, [0000023D0695F400][0000023D06762940 49] Android_Mali_G710, [0000023D0693BE00][0000023D06766AC0 49] Android_Mali_G710_Vulkan, [0000023D0695C700][0000023D06772C40 49] Android_Vulkan_SM5, [0000023D0693BF00][0000023D7FB72DC0 49] Android_PowerVR_G6xxx, [0000023D0695DF00][0000023D7FB76F40 49] Android_PowerVR_GT7xxx, [0000023D0693AB00][0000023D7FB7B0C0 49] Android_PowerVR_GE8xxx, [0000023D0695F700][0000023D7FB7F240 49] Android_PowerVR_GM9xxx, [0000023D0693A800][0000023D77953380 49] Android_PowerVR_GM9xxx_Vulkan, [0000023D0695D500][0000023D7FB8B4C0 49] Android_TegraK1, [0000023D06939700][0000023D7FB93600 49] Android_Unknown_Vulkan, [0000023D0695EC00][0000023D7FB97740 49] Lumin, [0000023D0693BD00][0000023D7FB9F8C0 49] Lumin_Desktop, [0000023D0695CE00][0000023D7FBA7A40 49] HoloLens, 
[2022.06.29-08.13.24:156][  0]LogMeshReduction: Using QuadricMeshReduction for automatic static mesh reduction
[2022.06.29-08.13.24:156][  0]LogMeshReduction: Using SimplygonMeshReduction for automatic skeletal mesh reduction
[2022.06.29-08.13.24:156][  0]LogMeshReduction: Using ProxyLODMeshReduction for automatic mesh merging
[2022.06.29-08.13.24:156][  0]LogMeshReduction: No distributed automatic mesh merging module available
[2022.06.29-08.13.24:156][  0]LogMeshMerging: No distributed automatic mesh merging module available
[2022.06.29-08.13.24:174][  0]LogNetVersion: MyProject2 1.0.0, NetCL: 17155196, EngineNetVer: 17, GameNetVer: 0 (Checksum: 1659861177)
[2022.06.29-08.13.24:649][  0]LogTexture: Default maximum texture size for cubemaps generated from long-lat sources has been changed from 512 to unlimited. In order to preserve old behaiour for '/Engine/MapTemplates/Sky/DaylightAmbientCubemap.DaylightAmbientCubemap', its maximum texture size has been explicitly set to 512.
[2022.06.29-08.13.24:720][  0]LogHMD: PokeAHoleMaterial loaded successfully
[2022.06.29-08.13.24:727][  0]LogUObjectArray: 17178 objects as part of root set at end of initial load.
[2022.06.29-08.13.24:727][  0]LogUObjectAllocator: 4302048 out of 0 bytes used by permanent object pool.
[2022.06.29-08.13.24:727][  0]LogUObjectArray: CloseDisregardForGC: 0/0 objects in disregard for GC pool
[2022.06.29-08.13.25:078][  0]LogNiagaraDebuggerClient: Niagara Debugger Client Initialized | Session: 7A57CC804206002FA0EBFC9FC60F5945 | Instance: 5062AA664AACC1AEE1032BB3FD8F8774 (DESKTOP-NUDT0GS-9128).
[2022.06.29-08.13.25:134][  0]LogPython: Using Python 3.7.7
[2022.06.29-08.13.25:911][  0]LogTcpMessaging: Initializing TcpMessaging bridge
[2022.06.29-08.13.25:916][  0]LogUdpMessaging: Initializing bridge on interface 0.0.0.0:0 to multicast group 230.0.0.1:6666.
[2022.06.29-08.13.26:111][  0]SourceControl: Source control is disabled
[2022.06.29-08.13.26:111][  0]SourceControl: Source control is disabled
[2022.06.29-08.13.26:115][  0]SourceControl: Source control is disabled
[2022.06.29-08.13.26:119][  0]SourceControl: Source control is disabled
[2022.06.29-08.13.26:130][  0]SourceControl: Source control is disabled
[2022.06.29-08.13.26:138][  0]LogUProjectInfo: Found projects:
[2022.06.29-08.13.26:147][  0]LogVSAccessor: Display: Unable to create Visual Studio setup instance: 80040154
[2022.06.29-08.13.26:148][  0]LogVSAccessor: Display: Unable to create Visual Studio setup instance: 80040154
[2022.06.29-08.13.26:148][  0]LogVSAccessor: Display: Unable to create Visual Studio setup instance: 80040154
[2022.06.29-08.13.26:400][  0]LogOpenImageDenoise: OIDN starting up
[2022.06.29-08.13.26:454][  0]LogAndroidPermission: UAndroidPermissionCallbackProxy::GetInstance
[2022.06.29-08.13.26:483][  0]LogAudioCaptureCore: Display: No Audio Capture implementations found. Audio input will be silent.
[2022.06.29-08.13.26:483][  0]LogAudioCaptureCore: Display: No Audio Capture implementations found. Audio input will be silent.
[2022.06.29-08.13.26:635][  0]LogCollectionManager: Loaded 0 collections in 0.002234 seconds
[2022.06.29-08.13.26:666][  0]LogFileCache: Scanning file cache for directory 'C:/Users/eholo/Documents/Projects/project/MyProject2/Saved/Collections/' took 0.00s
[2022.06.29-08.13.26:666][  0]LogFileCache: Scanning file cache for directory 'C:/Users/eholo/Documents/Projects/project/MyProject2/Content/Developers/eholo/Collections/' took 0.00s
[2022.06.29-08.13.26:666][  0]LogFileCache: Scanning file cache for directory 'C:/Users/eholo/Documents/Projects/project/MyProject2/Content/Collections/' took 0.00s
[2022.06.29-08.13.26:666][  0]LogOcInput: OculusInput pre-init called
[2022.06.29-08.13.26:968][  0]LogEngine: Initializing Engine...
[2022.06.29-08.13.26:973][  0]LogHMD: Failed to enumerate extensions. Please check that you have a valid OpenXR runtime installed.
[2022.06.29-08.13.26:974][  0]LogHMD: Failed to initialize OpenVR with code 110
[2022.06.29-08.13.26:974][  0]LogMagicLeap: Warning: VR disabled because ZI is not enabled.  To enable, in the editor, Edit -> Project Settings -> Plugins -> Magic Leap Plugin -> Enable Zero Iteration
[2022.06.29-08.13.26:975][  0]LogStats: UGameplayTagsManager::InitializeManager -  0.000 s
[2022.06.29-08.13.27:119][  0]LogInit: Initializing FReadOnlyCVARCache
[2022.06.29-08.13.27:129][  0]LogAIModule: Creating AISystem for world Untitled
[2022.06.29-08.13.27:143][  0]LogAudio: Display: Initializing Audio Device Manager...
[2022.06.29-08.13.27:148][  0]LogAudio: Display: Loading Default Audio Settings Objects...
[2022.06.29-08.13.27:148][  0]LogAudio: Display: No default SoundConcurrencyObject specified (or failed to load).
[2022.06.29-08.13.27:149][  0]LogAudio: Display: Audio Device Manager Initialized
[2022.06.29-08.13.27:149][  0]LogAudio: Display: Creating Audio Device:                 Id: 1, Scope: Shared, Realtime: True
[2022.06.29-08.13.27:149][  0]LogAudioMixer: Display: Audio Mixer Platform Settings:
[2022.06.29-08.13.27:149][  0]LogAudioMixer: Display: 	Sample Rate:						  48000
[2022.06.29-08.13.27:149][  0]LogAudioMixer: Display: 	Callback Buffer Frame Size Requested: 1024
[2022.06.29-08.13.27:149][  0]LogAudioMixer: Display: 	Callback Buffer Frame Size To Use:	  1024
[2022.06.29-08.13.27:149][  0]LogAudioMixer: Display: 	Number of buffers to queue:			  2
[2022.06.29-08.13.27:149][  0]LogAudioMixer: Display: 	Max Channels (voices):				  32
[2022.06.29-08.13.27:149][  0]LogAudioMixer: Display: 	Number of Async Source Workers:		  0
[2022.06.29-08.13.27:149][  0]LogAudio: Display: AudioDevice MaxSources: 32
[2022.06.29-08.13.27:149][  0]LogAudio: Display: Audio Spatialization Plugin: None (built-in).
[2022.06.29-08.13.27:149][  0]LogAudio: Display: Audio Reverb Plugin: None (built-in).
[2022.06.29-08.13.27:150][  0]LogAudio: Display: Audio Occlusion Plugin: None (built-in).
[2022.06.29-08.13.27:150][  0]LogAudioMixer: Display: Initializing audio mixer.
[2022.06.29-08.13.27:168][  0]LogAudioMixer: Display: 0: FrontLeft
[2022.06.29-08.13.27:168][  0]LogAudioMixer: Display: 1: FrontRight
[2022.06.29-08.13.27:196][  0]LogAudioMixer: Display: Using Audio Device Динамики (Logitech USB Headset)
[2022.06.29-08.13.27:198][  0]LogAudioMixer: Display: Initializing Sound Submixes...
[2022.06.29-08.13.27:201][  0]LogAudioMixer: Display: Creating Master Submix 'MasterSubmixDefault'
[2022.06.29-08.13.27:201][  0]LogAudioMixer: Display: Creating Master Submix 'MasterReverbSubmixDefault'
[2022.06.29-08.13.27:203][  0]LogAudioMixer: Display: Creating Master Submix 'MasterEQSubmixDefault'
[2022.06.29-08.13.27:203][  0]LogAudioMixer: FMixerPlatformXAudio2::StartAudioStream() called
[2022.06.29-08.13.27:203][  0]LogAudioMixer: Display: Output buffers initialized: Frames=1024, Channels=2, Samples=2048
[2022.06.29-08.13.27:204][  0]LogAudioMixer: Display: Starting AudioMixerPlatformInterface::RunInternal()
[2022.06.29-08.13.27:204][  0]LogAudioMixer: Display: FMixerPlatformXAudio2::SubmitBuffer() called for the first time
[2022.06.29-08.13.27:204][  0]LogInit: FAudioDevice initialized.
[2022.06.29-08.13.27:204][  0]LogAudio: Display: Audio Device (ID: 1) registered with world 'Untitled'.
[2022.06.29-08.13.27:205][  0]LogNetVersion: Set ProjectVersion to 1.0.0.0. Version Checksum will be recalculated on next use.
[2022.06.29-08.13.27:288][  0]LogDerivedDataCache: Saved boot cache 0.08s 94MB C:/Users/eholo/AppData/Local/UnrealEngine/4.27/DerivedDataCache/Boot.ddc.
[2022.06.29-08.13.27:288][  0]LogInit: Texture streaming: Enabled
[2022.06.29-08.13.27:303][  0]LogAnalytics: Display: [UEEditor.Rocket.Release] APIServer = https://datarouter.ol.epicgames.com/. AppVersion = 4.27.2-18319896+++UE4+Release-4.27
[2022.06.29-08.13.27:307][  0]LogEngineSessionManager: EngineSessionManager initialized
[2022.06.29-08.13.27:307][  0]LogEditorSessionSummary: Verbose: Initializing EditorSessionSummaryWriter for editor session tracking
[2022.06.29-08.13.27:309][  0]LogEditorSessionSummary: EditorSessionSummaryWriter initialized
[2022.06.29-08.13.27:337][  0]LogInit: Transaction tracking system initialized
[2022.06.29-08.13.27:363][  0]BlueprintLog: New page: Editor Load
[2022.06.29-08.13.27:442][  0]LocalizationService: Localization service is disabled
[2022.06.29-08.13.27:472][  0]TimingProfiler: Initialize
[2022.06.29-08.13.27:473][  0]TimingProfiler: OnSessionChanged
[2022.06.29-08.13.27:473][  0]LoadingProfiler: Initialize
[2022.06.29-08.13.27:473][  0]LoadingProfiler: OnSessionChanged
[2022.06.29-08.13.27:473][  0]NetworkingProfiler: Initialize
[2022.06.29-08.13.27:473][  0]NetworkingProfiler: OnSessionChanged
[2022.06.29-08.13.27:473][  0]MemoryProfiler: Initialize
[2022.06.29-08.13.27:473][  0]MemoryProfiler: OnSessionChanged
[2022.06.29-08.13.27:564][  0]LogVSAccessor: Display: Unable to create Visual Studio setup instance: 80040154
[2022.06.29-08.13.27:565][  0]LogVSAccessor: Display: Unable to create Visual Studio setup instance: 80040154
[2022.06.29-08.13.27:566][  0]LogVSAccessor: Display: Unable to create Visual Studio setup instance: 80040154
[2022.06.29-08.13.27:667][  0]LogCook: Display: CookSettings for Memory: MemoryMaxUsedVirtual 0MiB, MemoryMaxUsedPhysical 16384MiB, MemoryMinFreeVirtual 0MiB, MemoryMinFreePhysical 1024MiB
[2022.06.29-08.13.27:667][  0]LogCook: Display: Mobile HDR setting 1
[2022.06.29-08.13.27:878][  0]LogFileCache: Scanning file cache for directory 'C:/Users/eholo/Documents/Projects/project/MyProject2/Content/' took 0.01s
[2022.06.29-08.13.28:117][  0]LogInit: Display: Engine is initialized. Leaving FEngineLoop::Init()
[2022.06.29-08.13.28:122][  0]SourceControl: Source control is disabled
[2022.06.29-08.13.28:122][  0]LogUnrealEdMisc: Loading editor; pre map load, took 8.781
[2022.06.29-08.13.28:122][  0]Cmd: MAP LOAD FILE="../../../../../../Users/eholo/Documents/Projects/project/MyProject2/Content/ThirdPersonBP/Maps/ThirdPersonExampleMap.umap" TEMPLATE=0 SHOWPROGRESS=1 FEATURELEVEL=3
[2022.06.29-08.13.28:123][  0]LightingResults: New page: Lighting Build
[2022.06.29-08.13.28:125][  0]LogWorld: UWorld::CleanupWorld for Untitled, bSessionEnded=true, bCleanupResources=true
[2022.06.29-08.13.28:125][  0]LogSlate: InvalidateAllWidgets triggered.  All widgets were invalidated
[2022.06.29-08.13.28:125][  0]MapCheck: New page: Map Check
[2022.06.29-08.13.28:125][  0]LightingResults: New page: Lighting Build
[2022.06.29-08.13.28:132][  0]LogAudio: Display: Audio Device unregistered from world 'None'.
[2022.06.29-08.13.28:136][  0]LogUObjectHash: Compacting FUObjectHashTables data took   1.14ms
[2022.06.29-08.13.28:894][  0]LogAudio: Display: Audio Device (ID: 1) registered with world 'ThirdPersonExampleMap'.
[2022.06.29-08.13.28:907][  0]LogAIModule: Creating AISystem for world ThirdPersonExampleMap
[2022.06.29-08.13.28:948][  0]LogEditorServer: Finished looking for orphan Actors (0.000 secs)
[2022.06.29-08.13.28:959][  0]LogUObjectHash: Compacting FUObjectHashTables data took   1.02ms
[2022.06.29-08.13.28:959][  0]Cmd: MAP CHECKDEP NOCLEARLOG
[2022.06.29-08.13.28:960][  0]MapCheck: Map check complete: 0 Error(s), 0 Warning(s), took 0,205ms to complete.
[2022.06.29-08.13.28:960][  0]LogFileHelpers: Loading map 'ThirdPersonExampleMap' took 0.837
[2022.06.29-08.13.28:962][  0]LogUnrealEdMisc: Total Editor Startup Time, took 9.621
[2022.06.29-08.13.29:112][  0]LogSlate: Updating window title bar state: overlay mode, drag disabled, window buttons hidden, title bar hidden
[2022.06.29-08.13.29:121][  0]LogSlate: Updating window title bar state: overlay mode, drag disabled, window buttons hidden, title bar hidden
[2022.06.29-08.13.29:128][  0]LogSlate: Updating window title bar state: overlay mode, drag disabled, window buttons hidden, title bar hidden
[2022.06.29-08.13.29:137][  0]LogSlate: Updating window title bar state: overlay mode, drag disabled, window buttons hidden, title bar hidden
[2022.06.29-08.13.29:156][  0]LogNativeClassHierarchy: Verbose: Native class hierarchy populated in 0.0112 seconds. Added 3822 classes and 928 folders.
[2022.06.29-08.13.29:159][  0]LogNativeClassHierarchy: Verbose: Native class hierarchy updated for 'WidgetCarousel' in 0.0003 seconds. Added 0 classes and 0 folders.
[2022.06.29-08.13.29:161][  0]LogPakFile: PakFile PrimaryIndexSize=187
[2022.06.29-08.13.29:161][  0]LogPakFile: PakFile PathHashIndexSize=101
[2022.06.29-08.13.29:161][  0]LogPakFile: PakFile FullDirectoryIndexSize=148
[2022.06.29-08.13.29:161][  0]LogShaderLibrary: Display: ShaderCodeLibraryPakFileMountedCallback: PakFile 'C:/Program Files/Epic Games/UE_4.27/FeaturePacks/FP_FirstPerson.upack' (chunk index -1, root 'root:/') mounted
[2022.06.29-08.13.29:161][  0]LogShaderLibrary: Display: ShaderCodeLibraryPakFileMountedCallback: pending pak file info (ChunkID:-1 Root:root:/ File:C:/Program Files/Epic Games/UE_4.27/FeaturePacks/FP_FirstPerson.upack)
[2022.06.29-08.13.29:161][  0]LogPakFile: OnPakFileMounted2Time == 0.000073
[2022.06.29-08.13.29:162][  0]LogPakFile: PakFile PrimaryIndexSize=189
[2022.06.29-08.13.29:162][  0]LogPakFile: PakFile PathHashIndexSize=101
[2022.06.29-08.13.29:162][  0]LogPakFile: PakFile FullDirectoryIndexSize=152
[2022.06.29-08.13.29:162][  0]LogShaderLibrary: Display: ShaderCodeLibraryPakFileMountedCallback: PakFile 'C:/Program Files/Epic Games/UE_4.27/FeaturePacks/FP_FirstPersonBP.upack' (chunk index -1, root 'root:/') mounted
[2022.06.29-08.13.29:162][  0]LogShaderLibrary: Display: ShaderCodeLibraryPakFileMountedCallback: pending pak file info (ChunkID:-1 Root:root:/ File:C:/Program Files/Epic Games/UE_4.27/FeaturePacks/FP_FirstPersonBP.upack)
[2022.06.29-08.13.29:162][  0]LogPakFile: OnPakFileMounted2Time == 0.000055
[2022.06.29-08.13.29:163][  0]LogPakFile: PakFile PrimaryIndexSize=191
[2022.06.29-08.13.29:163][  0]LogPakFile: PakFile PathHashIndexSize=101
[2022.06.29-08.13.29:163][  0]LogPakFile: PakFile FullDirectoryIndexSize=160
[2022.06.29-08.13.29:163][  0]LogShaderLibrary: Display: ShaderCodeLibraryPakFileMountedCallback: PakFile 'C:/Program Files/Epic Games/UE_4.27/FeaturePacks/MobileStarterContent.upack' (chunk index -1, root 'root:/') mounted
[2022.06.29-08.13.29:163][  0]LogShaderLibrary: Display: ShaderCodeLibraryPakFileMountedCallback: pending pak file info (ChunkID:-1 Root:root:/ File:C:/Program Files/Epic Games/UE_4.27/FeaturePacks/MobileStarterContent.upack)
[2022.06.29-08.13.29:163][  0]LogPakFile: OnPakFileMounted2Time == 0.000048
[2022.06.29-08.13.29:163][  0]LogPakFile: PakFile PrimaryIndexSize=185
[2022.06.29-08.13.29:164][  0]LogPakFile: PakFile PathHashIndexSize=101
[2022.06.29-08.13.29:164][  0]LogPakFile: PakFile FullDirectoryIndexSize=148
[2022.06.29-08.13.29:164][  0]LogShaderLibrary: Display: ShaderCodeLibraryPakFileMountedCallback: PakFile 'C:/Program Files/Epic Games/UE_4.27/FeaturePacks/StarterContent.upack' (chunk index -1, root 'root:/') mounted
[2022.06.29-08.13.29:164][  0]LogShaderLibrary: Display: ShaderCodeLibraryPakFileMountedCallback: pending pak file info (ChunkID:-1 Root:root:/ File:C:/Program Files/Epic Games/UE_4.27/FeaturePacks/StarterContent.upack)
[2022.06.29-08.13.29:164][  0]LogPakFile: OnPakFileMounted2Time == 0.000065
[2022.06.29-08.13.29:164][  0]LogPakFile: PakFile PrimaryIndexSize=190
[2022.06.29-08.13.29:165][  0]LogPakFile: PakFile PathHashIndexSize=101
[2022.06.29-08.13.29:165][  0]LogPakFile: PakFile FullDirectoryIndexSize=154
[2022.06.29-08.13.29:165][  0]LogShaderLibrary: Display: ShaderCodeLibraryPakFileMountedCallback: PakFile 'C:/Program Files/Epic Games/UE_4.27/FeaturePacks/TP_2DSideScroller.upack' (chunk index -1, root 'root:/') mounted
[2022.06.29-08.13.29:165][  0]LogShaderLibrary: Display: ShaderCodeLibraryPakFileMountedCallback: pending pak file info (ChunkID:-1 Root:root:/ File:C:/Program Files/Epic Games/UE_4.27/FeaturePacks/TP_2DSideScroller.upack)
[2022.06.29-08.13.29:165][  0]LogPakFile: OnPakFileMounted2Time == 0.000071
[2022.06.29-08.13.29:165][  0]LogPakFile: PakFile PrimaryIndexSize=192
[2022.06.29-08.13.29:166][  0]LogPakFile: PakFile PathHashIndexSize=101
[2022.06.29-08.13.29:166][  0]LogPakFile: PakFile FullDirectoryIndexSize=158
[2022.06.29-08.13.29:166][  0]LogShaderLibrary: Display: ShaderCodeLibraryPakFileMountedCallback: PakFile 'C:/Program Files/Epic Games/UE_4.27/FeaturePacks/TP_2DSideScrollerBP.upack' (chunk index -1, root 'root:/') mounted
[2022.06.29-08.13.29:166][  0]LogShaderLibrary: Display: ShaderCodeLibraryPakFileMountedCallback: pending pak file info (ChunkID:-1 Root:root:/ File:C:/Program Files/Epic Games/UE_4.27/FeaturePacks/TP_2DSideScrollerBP.upack)
[2022.06.29-08.13.29:166][  0]LogPakFile: OnPakFileMounted2Time == 0.000048
[2022.06.29-08.13.29:166][  0]LogPakFile: PakFile PrimaryIndexSize=182
[2022.06.29-08.13.29:166][  0]LogPakFile: PakFile PathHashIndexSize=101
[2022.06.29-08.13.29:166][  0]LogPakFile: PakFile FullDirectoryIndexSize=138
[2022.06.29-08.13.29:166][  0]LogShaderLibrary: Display: ShaderCodeLibraryPakFileMountedCallback: PakFile 'C:/Program Files/Epic Games/UE_4.27/FeaturePacks/TP_Flying.upack' (chunk index -1, root 'root:/') mounted
[2022.06.29-08.13.29:166][  0]LogShaderLibrary: Display: ShaderCodeLibraryPakFileMountedCallback: pending pak file info (ChunkID:-1 Root:root:/ File:C:/Program Files/Epic Games/UE_4.27/FeaturePacks/TP_Flying.upack)
[2022.06.29-08.13.29:166][  0]LogPakFile: OnPakFileMounted2Time == 0.000051
[2022.06.29-08.13.29:167][  0]LogPakFile: PakFile PrimaryIndexSize=184
[2022.06.29-08.13.29:167][  0]LogPakFile: PakFile PathHashIndexSize=101
[2022.06.29-08.13.29:167][  0]LogPakFile: PakFile FullDirectoryIndexSize=142
[2022.06.29-08.13.29:167][  0]LogShaderLibrary: Display: ShaderCodeLibraryPakFileMountedCallback: PakFile 'C:/Program Files/Epic Games/UE_4.27/FeaturePacks/TP_FlyingBP.upack' (chunk index -1, root 'root:/') mounted
[2022.06.29-08.13.29:167][  0]LogShaderLibrary: Display: ShaderCodeLibraryPakFileMountedCallback: pending pak file info (ChunkID:-1 Root:root:/ File:C:/Program Files/Epic Games/UE_4.27/FeaturePacks/TP_FlyingBP.upack)
[2022.06.29-08.13.29:167][  0]LogPakFile: OnPakFileMounted2Time == 0.000045
[2022.06.29-08.13.29:168][  0]LogPakFile: PakFile PrimaryIndexSize=188
[2022.06.29-08.13.29:168][  0]LogPakFile: PakFile PathHashIndexSize=101
[2022.06.29-08.13.29:168][  0]LogPakFile: PakFile FullDirectoryIndexSize=150
[2022.06.29-08.13.29:168][  0]LogShaderLibrary: Display: ShaderCodeLibraryPakFileMountedCallback: PakFile 'C:/Program Files/Epic Games/UE_4.27/FeaturePacks/TP_HandheldARBP.upack' (chunk index -1, root 'root:/') mounted
[2022.06.29-08.13.29:168][  0]LogShaderLibrary: Display: ShaderCodeLibraryPakFileMountedCallback: pending pak file info (ChunkID:-1 Root:root:/ File:C:/Program Files/Epic Games/UE_4.27/FeaturePacks/TP_HandheldARBP.upack)
[2022.06.29-08.13.29:168][  0]LogPakFile: OnPakFileMounted2Time == 0.000064
[2022.06.29-08.13.29:169][  0]LogPakFile: PakFile PrimaryIndexSize=182
[2022.06.29-08.13.29:170][  0]LogPakFile: PakFile PathHashIndexSize=101
[2022.06.29-08.13.29:170][  0]LogPakFile: PakFile FullDirectoryIndexSize=138
[2022.06.29-08.13.29:170][  0]LogShaderLibrary: Display: ShaderCodeLibraryPakFileMountedCallback: PakFile 'C:/Program Files/Epic Games/UE_4.27/FeaturePacks/TP_Puzzle.upack' (chunk index -1, root 'root:/') mounted
[2022.06.29-08.13.29:170][  0]LogShaderLibrary: Display: ShaderCodeLibraryPakFileMountedCallback: pending pak file info (ChunkID:-1 Root:root:/ File:C:/Program Files/Epic Games/UE_4.27/FeaturePacks/TP_Puzzle.upack)
[2022.06.29-08.13.29:170][  0]LogPakFile: OnPakFileMounted2Time == 0.000052
[2022.06.29-08.13.29:170][  0]LogPakFile: PakFile PrimaryIndexSize=184
[2022.06.29-08.13.29:170][  0]LogPakFile: PakFile PathHashIndexSize=101
[2022.06.29-08.13.29:171][  0]LogPakFile: PakFile FullDirectoryIndexSize=142
[2022.06.29-08.13.29:171][  0]LogShaderLibrary: Display: ShaderCodeLibraryPakFileMountedCallback: PakFile 'C:/Program Files/Epic Games/UE_4.27/FeaturePacks/TP_PuzzleBP.upack' (chunk index -1, root 'root:/') mounted
[2022.06.29-08.13.29:171][  0]LogShaderLibrary: Display: ShaderCodeLibraryPakFileMountedCallback: pending pak file info (ChunkID:-1 Root:root:/ File:C:/Program Files/Epic Games/UE_4.27/FeaturePacks/TP_PuzzleBP.upack)
[2022.06.29-08.13.29:171][  0]LogPakFile: OnPakFileMounted2Time == 0.000068
[2022.06.29-08.13.29:171][  0]LogPakFile: PakFile PrimaryIndexSize=183
[2022.06.29-08.13.29:171][  0]LogPakFile: PakFile PathHashIndexSize=101
[2022.06.29-08.13.29:171][  0]LogPakFile: PakFile FullDirectoryIndexSize=140
[2022.06.29-08.13.29:171][  0]LogShaderLibrary: Display: ShaderCodeLibraryPakFileMountedCallback: PakFile 'C:/Program Files/Epic Games/UE_4.27/FeaturePacks/TP_Rolling.upack' (chunk index -1, root 'root:/') mounted
[2022.06.29-08.13.29:171][  0]LogShaderLibrary: Display: ShaderCodeLibraryPakFileMountedCallback: pending pak file info (ChunkID:-1 Root:root:/ File:C:/Program Files/Epic Games/UE_4.27/FeaturePacks/TP_Rolling.upack)
[2022.06.29-08.13.29:171][  0]LogPakFile: OnPakFileMounted2Time == 0.000047
[2022.06.29-08.13.29:172][  0]LogPakFile: PakFile PrimaryIndexSize=185
[2022.06.29-08.13.29:172][  0]LogPakFile: PakFile PathHashIndexSize=101
[2022.06.29-08.13.29:172][  0]LogPakFile: PakFile FullDirectoryIndexSize=144
[2022.06.29-08.13.29:172][  0]LogShaderLibrary: Display: ShaderCodeLibraryPakFileMountedCallback: PakFile 'C:/Program Files/Epic Games/UE_4.27/FeaturePacks/TP_RollingBP.upack' (chunk index -1, root 'root:/') mounted
[2022.06.29-08.13.29:172][  0]LogShaderLibrary: Display: ShaderCodeLibraryPakFileMountedCallback: pending pak file info (ChunkID:-1 Root:root:/ File:C:/Program Files/Epic Games/UE_4.27/FeaturePacks/TP_RollingBP.upack)
[2022.06.29-08.13.29:172][  0]LogPakFile: OnPakFileMounted2Time == 0.000045
[2022.06.29-08.13.29:173][  0]LogPakFile: PakFile PrimaryIndexSize=188
[2022.06.29-08.13.29:173][  0]LogPakFile: PakFile PathHashIndexSize=101
[2022.06.29-08.13.29:173][  0]LogPakFile: PakFile FullDirectoryIndexSize=150
[2022.06.29-08.13.29:173][  0]LogShaderLibrary: Display: ShaderCodeLibraryPakFileMountedCallback: PakFile 'C:/Program Files/Epic Games/UE_4.27/FeaturePacks/TP_SideScroller.upack' (chunk index -1, root 'root:/') mounted
[2022.06.29-08.13.29:173][  0]LogShaderLibrary: Display: ShaderCodeLibraryPakFileMountedCallback: pending pak file info (ChunkID:-1 Root:root:/ File:C:/Program Files/Epic Games/UE_4.27/FeaturePacks/TP_SideScroller.upack)
[2022.06.29-08.13.29:173][  0]LogPakFile: OnPakFileMounted2Time == 0.000053
[2022.06.29-08.13.29:174][  0]LogPakFile: PakFile PrimaryIndexSize=190
[2022.06.29-08.13.29:174][  0]LogPakFile: PakFile PathHashIndexSize=101
[2022.06.29-08.13.29:174][  0]LogPakFile: PakFile FullDirectoryIndexSize=154
[2022.06.29-08.13.29:174][  0]LogShaderLibrary: Display: ShaderCodeLibraryPakFileMountedCallback: PakFile 'C:/Program Files/Epic Games/UE_4.27/FeaturePacks/TP_SideScrollerBP.upack' (chunk index -1, root 'root:/') mounted
[2022.06.29-08.13.29:174][  0]LogShaderLibrary: Display: ShaderCodeLibraryPakFileMountedCallback: pending pak file info (ChunkID:-1 Root:root:/ File:C:/Program Files/Epic Games/UE_4.27/FeaturePacks/TP_SideScrollerBP.upack)
[2022.06.29-08.13.29:174][  0]LogPakFile: OnPakFileMounted2Time == 0.000060
[2022.06.29-08.13.29:175][  0]LogPakFile: PakFile PrimaryIndexSize=187
[2022.06.29-08.13.29:175][  0]LogPakFile: PakFile PathHashIndexSize=101
[2022.06.29-08.13.29:175][  0]LogPakFile: PakFile FullDirectoryIndexSize=148
[2022.06.29-08.13.29:175][  0]LogShaderLibrary: Display: ShaderCodeLibraryPakFileMountedCallback: PakFile 'C:/Program Files/Epic Games/UE_4.27/FeaturePacks/TP_ThirdPerson.upack' (chunk index -1, root 'root:/') mounted
[2022.06.29-08.13.29:175][  0]LogShaderLibrary: Display: ShaderCodeLibraryPakFileMountedCallback: pending pak file info (ChunkID:-1 Root:root:/ File:C:/Program Files/Epic Games/UE_4.27/FeaturePacks/TP_ThirdPerson.upack)
[2022.06.29-08.13.29:175][  0]LogPakFile: OnPakFileMounted2Time == 0.000041
[2022.06.29-08.13.29:175][  0]LogPakFile: PakFile PrimaryIndexSize=189
[2022.06.29-08.13.29:175][  0]LogPakFile: PakFile PathHashIndexSize=101
[2022.06.29-08.13.29:175][  0]LogPakFile: PakFile FullDirectoryIndexSize=152
[2022.06.29-08.13.29:175][  0]LogShaderLibrary: Display: ShaderCodeLibraryPakFileMountedCallback: PakFile 'C:/Program Files/Epic Games/UE_4.27/FeaturePacks/TP_ThirdPersonBP.upack' (chunk index -1, root 'root:/') mounted
[2022.06.29-08.13.29:175][  0]LogShaderLibrary: Display: ShaderCodeLibraryPakFileMountedCallback: pending pak file info (ChunkID:-1 Root:root:/ File:C:/Program Files/Epic Games/UE_4.27/FeaturePacks/TP_ThirdPersonBP.upack)
[2022.06.29-08.13.29:175][  0]LogPakFile: OnPakFileMounted2Time == 0.000042
[2022.06.29-08.13.29:176][  0]LogPakFile: PakFile PrimaryIndexSize=183
[2022.06.29-08.13.29:176][  0]LogPakFile: PakFile PathHashIndexSize=101
[2022.06.29-08.13.29:176][  0]LogPakFile: PakFile FullDirectoryIndexSize=140
[2022.06.29-08.13.29:176][  0]LogShaderLibrary: Display: ShaderCodeLibraryPakFileMountedCallback: PakFile 'C:/Program Files/Epic Games/UE_4.27/FeaturePacks/TP_TopDown.upack' (chunk index -1, root 'root:/') mounted
[2022.06.29-08.13.29:176][  0]LogShaderLibrary: Display: ShaderCodeLibraryPakFileMountedCallback: pending pak file info (ChunkID:-1 Root:root:/ File:C:/Program Files/Epic Games/UE_4.27/FeaturePacks/TP_TopDown.upack)
[2022.06.29-08.13.29:176][  0]LogPakFile: OnPakFileMounted2Time == 0.000056
[2022.06.29-08.13.29:177][  0]LogPakFile: PakFile PrimaryIndexSize=185
[2022.06.29-08.13.29:177][  0]LogPakFile: PakFile PathHashIndexSize=101
[2022.06.29-08.13.29:177][  0]LogPakFile: PakFile FullDirectoryIndexSize=144
[2022.06.29-08.13.29:177][  0]LogShaderLibrary: Display: ShaderCodeLibraryPakFileMountedCallback: PakFile 'C:/Program Files/Epic Games/UE_4.27/FeaturePacks/TP_TopDownBP.upack' (chunk index -1, root 'root:/') mounted
[2022.06.29-08.13.29:177][  0]LogShaderLibrary: Display: ShaderCodeLibraryPakFileMountedCallback: pending pak file info (ChunkID:-1 Root:root:/ File:C:/Program Files/Epic Games/UE_4.27/FeaturePacks/TP_TopDownBP.upack)
[2022.06.29-08.13.29:177][  0]LogPakFile: OnPakFileMounted2Time == 0.000039
[2022.06.29-08.13.29:177][  0]LogPakFile: PakFile PrimaryIndexSize=185
[2022.06.29-08.13.29:177][  0]LogPakFile: PakFile PathHashIndexSize=101
[2022.06.29-08.13.29:177][  0]LogPakFile: PakFile FullDirectoryIndexSize=144
[2022.06.29-08.13.29:178][  0]LogShaderLibrary: Display: ShaderCodeLibraryPakFileMountedCallback: PakFile 'C:/Program Files/Epic Games/UE_4.27/FeaturePacks/TP_TwinStick.upack' (chunk index -1, root 'root:/') mounted
[2022.06.29-08.13.29:178][  0]LogShaderLibrary: Display: ShaderCodeLibraryPakFileMountedCallback: pending pak file info (ChunkID:-1 Root:root:/ File:C:/Program Files/Epic Games/UE_4.27/FeaturePacks/TP_TwinStick.upack)
[2022.06.29-08.13.29:178][  0]LogPakFile: OnPakFileMounted2Time == 0.000052
[2022.06.29-08.13.29:178][  0]LogPakFile: PakFile PrimaryIndexSize=187
[2022.06.29-08.13.29:178][  0]LogPakFile: PakFile PathHashIndexSize=101
[2022.06.29-08.13.29:178][  0]LogPakFile: PakFile FullDirectoryIndexSize=148
[2022.06.29-08.13.29:178][  0]LogShaderLibrary: Display: ShaderCodeLibraryPakFileMountedCallback: PakFile 'C:/Program Files/Epic Games/UE_4.27/FeaturePacks/TP_TwinStickBP.upack' (chunk index -1, root 'root:/') mounted
[2022.06.29-08.13.29:178][  0]LogShaderLibrary: Display: ShaderCodeLibraryPakFileMountedCallback: pending pak file info (ChunkID:-1 Root:root:/ File:C:/Program Files/Epic Games/UE_4.27/FeaturePacks/TP_TwinStickBP.upack)
[2022.06.29-08.13.29:178][  0]LogPakFile: OnPakFileMounted2Time == 0.000039
[2022.06.29-08.13.29:179][  0]LogPakFile: PakFile PrimaryIndexSize=183
[2022.06.29-08.13.29:179][  0]LogPakFile: PakFile PathHashIndexSize=101
[2022.06.29-08.13.29:179][  0]LogPakFile: PakFile FullDirectoryIndexSize=140
[2022.06.29-08.13.29:179][  0]LogShaderLibrary: Display: ShaderCodeLibraryPakFileMountedCallback: PakFile 'C:/Program Files/Epic Games/UE_4.27/FeaturePacks/TP_Vehicle.upack' (chunk index -1, root 'root:/') mounted
[2022.06.29-08.13.29:179][  0]LogShaderLibrary: Display: ShaderCodeLibraryPakFileMountedCallback: pending pak file info (ChunkID:-1 Root:root:/ File:C:/Program Files/Epic Games/UE_4.27/FeaturePacks/TP_Vehicle.upack)
[2022.06.29-08.13.29:179][  0]LogPakFile: OnPakFileMounted2Time == 0.000085
[2022.06.29-08.13.29:180][  0]LogPakFile: PakFile PrimaryIndexSize=186
[2022.06.29-08.13.29:180][  0]LogPakFile: PakFile PathHashIndexSize=101
[2022.06.29-08.13.29:180][  0]LogPakFile: PakFile FullDirectoryIndexSize=146
[2022.06.29-08.13.29:180][  0]LogShaderLibrary: Display: ShaderCodeLibraryPakFileMountedCallback: PakFile 'C:/Program Files/Epic Games/UE_4.27/FeaturePacks/TP_VehicleAdv.upack' (chunk index -1, root 'root:/') mounted
[2022.06.29-08.13.29:180][  0]LogShaderLibrary: Display: ShaderCodeLibraryPakFileMountedCallback: pending pak file info (ChunkID:-1 Root:root:/ File:C:/Program Files/Epic Games/UE_4.27/FeaturePacks/TP_VehicleAdv.upack)
[2022.06.29-08.13.29:180][  0]LogPakFile: OnPakFileMounted2Time == 0.000041
[2022.06.29-08.13.29:180][  0]LogPakFile: PakFile PrimaryIndexSize=188
[2022.06.29-08.13.29:180][  0]LogPakFile: PakFile PathHashIndexSize=101
[2022.06.29-08.13.29:180][  0]LogPakFile: PakFile FullDirectoryIndexSize=150
[2022.06.29-08.13.29:180][  0]LogShaderLibrary: Display: ShaderCodeLibraryPakFileMountedCallback: PakFile 'C:/Program Files/Epic Games/UE_4.27/FeaturePacks/TP_VehicleAdvBP.upack' (chunk index -1, root 'root:/') mounted
[2022.06.29-08.13.29:181][  0]LogShaderLibrary: Display: ShaderCodeLibraryPakFileMountedCallback: pending pak file info (ChunkID:-1 Root:root:/ File:C:/Program Files/Epic Games/UE_4.27/FeaturePacks/TP_VehicleAdvBP.upack)
[2022.06.29-08.13.29:181][  0]LogPakFile: OnPakFileMounted2Time == 0.000082
[2022.06.29-08.13.29:181][  0]LogPakFile: PakFile PrimaryIndexSize=185
[2022.06.29-08.13.29:181][  0]LogPakFile: PakFile PathHashIndexSize=101
[2022.06.29-08.13.29:181][  0]LogPakFile: PakFile FullDirectoryIndexSize=144
[2022.06.29-08.13.29:181][  0]LogShaderLibrary: Display: ShaderCodeLibraryPakFileMountedCallback: PakFile 'C:/Program Files/Epic Games/UE_4.27/FeaturePacks/TP_VehicleBP.upack' (chunk index -1, root 'root:/') mounted
[2022.06.29-08.13.29:181][  0]LogShaderLibrary: Display: ShaderCodeLibraryPakFileMountedCallback: pending pak file info (ChunkID:-1 Root:root:/ File:C:/Program Files/Epic Games/UE_4.27/FeaturePacks/TP_VehicleBP.upack)
[2022.06.29-08.13.29:181][  0]LogPakFile: OnPakFileMounted2Time == 0.000059
[2022.06.29-08.13.29:182][  0]LogPakFile: PakFile PrimaryIndexSize=192
[2022.06.29-08.13.29:182][  0]LogPakFile: PakFile PathHashIndexSize=101
[2022.06.29-08.13.29:182][  0]LogPakFile: PakFile FullDirectoryIndexSize=158
[2022.06.29-08.13.29:182][  0]LogShaderLibrary: Display: ShaderCodeLibraryPakFileMountedCallback: PakFile 'C:/Program Files/Epic Games/UE_4.27/FeaturePacks/TP_VirtualRealityBP.upack' (chunk index -1, root 'root:/') mounted
[2022.06.29-08.13.29:182][  0]LogShaderLibrary: Display: ShaderCodeLibraryPakFileMountedCallback: pending pak file info (ChunkID:-1 Root:root:/ File:C:/Program Files/Epic Games/UE_4.27/FeaturePacks/TP_VirtualRealityBP.upack)
[2022.06.29-08.13.29:182][  0]LogPakFile: OnPakFileMounted2Time == 0.000049
[2022.06.29-08.13.29:240][  0]LogNativeClassHierarchy: Verbose: Native class hierarchy updated for 'AddContentDialog' in 0.0004 seconds. Added 0 classes and 0 folders.
[2022.06.29-08.13.29:243][  0]LogNativeClassHierarchy: Verbose: Native class hierarchy updated for 'SceneOutliner' in 0.0003 seconds. Added 2 classes and 0 folders.
[2022.06.29-08.13.29:332][  0]LogSlate: Took 0.000188 seconds to synchronously load lazily loaded font '../../../Engine/Content/Slate/Fonts/Roboto-Regular.ttf' (155K)
[2022.06.29-08.13.29:334][  0]LogSlate: Took 0.000147 seconds to synchronously load lazily loaded font '../../../Engine/Content/Editor/Slate/Fonts/FontAwesome.ttf' (139K)
[2022.06.29-08.13.29:335][  0]LogSlate: Took 0.000131 seconds to synchronously load lazily loaded font '../../../Engine/Content/Slate/Fonts/Roboto-Bold.ttf' (160K)
[2022.06.29-08.13.29:460][  0]LogRenderer: Reallocating scene render targets to support 1208x572 Format 10 NumSamples 1 (Frame:1).
[2022.06.29-08.13.29:503][  0]LogSlate: Took 0.000160 seconds to synchronously load lazily loaded font '../../../Engine/Content/Slate/Fonts/Roboto-Light.ttf' (167K)
[2022.06.29-08.13.29:559][  0]LogNativeClassHierarchy: Verbose: Native class hierarchy updated for 'HierarchicalLODOutliner' in 0.0003 seconds. Added 0 classes and 0 folders.
[2022.06.29-08.13.29:559][  0]LogInput: Warning: Action Jump uses invalid key OculusGo_Left_Trigger_Click.
[2022.06.29-08.13.29:559][  0]LogInput: Warning: Action ResetVR uses invalid key OculusGo_Left_Trackpad_Click.
[2022.06.29-08.13.29:559][  0]LogInput: Warning: Use -RemoveInvalidKeys to remove instances of these keys from the action mapping.
[2022.06.29-08.13.29:559][  0]LogLoad: (Engine Initialization) Total time: 10.22 seconds
[2022.06.29-08.13.29:560][  0]LogLoad: (Engine Initialization) Total Blueprint compile time: 0.00 seconds
[2022.06.29-08.13.29:608][  0]LogAssetRegistry: Asset discovery search completed in 5.9075 seconds
[2022.06.29-08.13.29:615][  0]LogCollectionManager: Fixed up redirectors for 0 collections in 0.000004 seconds (updated 0 objects)
[2022.06.29-08.13.29:617][  0]LogContentStreaming: Texture pool size now 1000 MB
[2022.06.29-08.13.30:576][ 93]LogSlate: Took 0.000191 seconds to synchronously load lazily loaded font '../../../Engine/Content/Slate/Fonts/Roboto-Light.ttf' (167K)
